This is pdfTeX, Version 3.14159265-2.6-1.40.16 (TeX Live 2015) (preloaded format=pdflatex 2016.3.26)  28 JUL 2016 22:13
entering extended mode
 restricted \write18 enabled.
 file:line:error style messages enabled.
 %&-line parsing enabled.
**Erklaerung.tex
(./Erklaerung.tex
LaTeX2e <2015/10/01> patch level 2
Babel <3.9n> and hyphenation patterns for 79 languages loaded.
./Erklaerung.tex:3: Undefined control sequence.
l.3 \chapter
            *{Erklärung}
? 
./Erklaerung.tex:3: Emergency stop.
l.3 \chapter
            *{Erklärung}
End of file on the terminal!

 
Here is how much of TeX's memory you used:
 5 strings out of 493054
 139 string characters out of 6134760
 53374 words of memory out of 5000000
 3628 multiletter control sequences out of 15000+600000
 3640 words of font info for 14 fonts, out of 8000000 for 9000
 1141 hyphenation exceptions out of 8191
 5i,0n,1p,38b,8s stack positions out of 5000i,500n,10000p,200000b,80000s
./Erklaerung.tex:3:  ==> Fatal error occurred, no output PDF file produced!
