18:22:49 **** Incremental Build of configuration Debug for project USBLIB_WINUSB_XMC45 ****
"\"C:\\DAVEv4-64Bit\\DAVE-4.2.6\\eclipse\\ARM-GCC-49\\bin\\make\"" --output-sync -j4 all 
'Invoking: ARM-GCC Print Size'
"C:\DAVEv4-64Bit\DAVE-4.2.6\eclipse\ARM-GCC-49/bin/arm-none-eabi-size"  --format=berkeley "USBLIB_WINUSB_XMC45.elf"
   text	   data	    bss	    dec	    hex	filename
  12576	    100	   7864	  20540	   503c	USBLIB_WINUSB_XMC45.elf
'Finished building: USBLIB_WINUSB_XMC45.siz'

18:22:52 **** Incremental Build of configuration Debug for project USBLIB_WINUSB_XMC45 ****
"\"C:\\DAVEv4-64Bit\\DAVE-4.2.6\\eclipse\\ARM-GCC-49\\bin\\make\"" --output-sync -j4 all 
'Invoking: ARM-GCC Print Size'
"C:\DAVEv4-64Bit\DAVE-4.2.6\eclipse\ARM-GCC-49/bin/arm-none-eabi-size"  --format=berkeley "USBLIB_WINUSB_XMC45.elf"
   text	   data	    bss	    dec	    hex	filename
  12576	    100	   7864	  20540	   503c	USBLIB_WINUSB_XMC45.elf
'Finished building: USBLIB_WINUSB_XMC45.siz'

18:24:07 **** Build of configuration Debug for project USBLIB_GENERICHID_XMC45 ****
"\"C:\\DAVEv4-64Bit\\DAVE-4.2.6\\eclipse\\ARM-GCC-49\\bin\\make\"" --output-sync -j4 all 
'Building file: ../Startup/startup_XMC4500.S'
'Invoking: ARM-GCC Assembler'
"C:\DAVEv4-64Bit\DAVE-4.2.6\eclipse\ARM-GCC-49/bin/arm-none-eabi-gcc" -MMD -MT "Startup/startup_XMC4500.o" -x assembler-with-cpp -DXMC4500_F100x1024 -I"D:\Bachelorarbeit\Dave\Basisstation\USBLIB_GENERICHID_XMC45" -Wall -Wa,-adhlns="Startup/startup_XMC4500.o.lst" -mfloat-abi=softfp -c -fmessage-length=0 -MMD -MP -MF"Startup/startup_XMC4500.d" -MT"Startup/startup_XMC4500.d Startup/startup_XMC4500.o" -mcpu=cortex-m4 -mfpu=fpv4-sp-d16 -mthumb -g -gdwarf-2 -o "Startup/startup_XMC4500.o" "../Startup/startup_XMC4500.S"
'Finished building: ../Startup/startup_XMC4500.S'

'Building file: ../Libraries/XMCLib/src/xmc1_eru.c'
'Invoking: ARM-GCC C Compiler'
"C:\DAVEv4-64Bit\DAVE-4.2.6\eclipse\ARM-GCC-49/bin/arm-none-eabi-gcc" -MMD -MT "Libraries/XMCLib/src/xmc1_eru.o" -DXMC4500_F100x1024 -I"D:\Bachelorarbeit\Dave\Basisstation\USBLIB_GENERICHID_XMC45\Libraries\XMCLib\inc" -I"D:\Bachelorarbeit\Dave\Basisstation\USBLIB_GENERICHID_XMC45/Libraries/CMSIS/Include" -I"D:\Bachelorarbeit\Dave\Basisstation\USBLIB_GENERICHID_XMC45/Libraries/CMSIS/Infineon/XMC4500_series/Include" -I"D:\Bachelorarbeit\Dave\Basisstation\USBLIB_GENERICHID_XMC45" -I"D:\Bachelorarbeit\Dave\Basisstation\USBLIB_GENERICHID_XMC45\Libraries" -O1 -ffunction-sections -fdata-sections -Wall -std=gnu99 -mfloat-abi=softfp -Wa,-adhlns="Libraries/XMCLib/src/xmc1_eru.o.lst" -pipe -c -fmessage-length=0 -fshort-wchar -MMD -MP -MF"Libraries/XMCLib/src/xmc1_eru.d" -MT"Libraries/XMCLib/src/xmc1_eru.d Libraries/XMCLib/src/xmc1_eru.o" -mcpu=cortex-m4 -mfpu=fpv4-sp-d16 -mthumb -g -gdwarf-2 -o "Libraries/XMCLib/src/xmc1_eru.o" "../Libraries/XMCLib/src/xmc1_eru.c"
'Finished building: ../Libraries/XMCLib/src/xmc1_eru.c'

'Building file: ../Libraries/XMCLib/src/xmc1_flash.c'
'Invoking: ARM-GCC C Compiler'
"C:\DAVEv4-64Bit\DAVE-4.2.6\eclipse\ARM-GCC-49/bin/arm-none-eabi-gcc" -MMD -MT "Libraries/XMCLib/src/xmc1_flash.o" -DXMC4500_F100x1024 -I"D:\Bachelorarbeit\Dave\Basisstation\USBLIB_GENERICHID_XMC45\Libraries\XMCLib\inc" -I"D:\Bachelorarbeit\Dave\Basisstation\USBLIB_GENERICHID_XMC45/Libraries/CMSIS/Include" -I"D:\Bachelorarbeit\Dave\Basisstation\USBLIB_GENERICHID_XMC45/Libraries/CMSIS/Infineon/XMC4500_series/Include" -I"D:\Bachelorarbeit\Dave\Basisstation\USBLIB_GENERICHID_XMC45" -I"D:\Bachelorarbeit\Dave\Basisstation\USBLIB_GENERICHID_XMC45\Libraries" -O1 -ffunction-sections -fdata-sections -Wall -std=gnu99 -mfloat-abi=softfp -Wa,-adhlns="Libraries/XMCLib/src/xmc1_flash.o.lst" -pipe -c -fmessage-length=0 -fshort-wchar -MMD -MP -MF"Libraries/XMCLib/src/xmc1_flash.d" -MT"Libraries/XMCLib/src/xmc1_flash.d Libraries/XMCLib/src/xmc1_flash.o" -mcpu=cortex-m4 -mfpu=fpv4-sp-d16 -mthumb -g -gdwarf-2 -o "Libraries/XMCLib/src/xmc1_flash.o" "../Libraries/XMCLib/src/xmc1_flash.c"
'Finished building: ../Libraries/XMCLib/src/xmc1_flash.c'

'Building file: ../Startup/system_XMC4500.c'
'Invoking: ARM-GCC C Compiler'
"C:\DAVEv4-64Bit\DAVE-4.2.6\eclipse\ARM-GCC-49/bin/arm-none-eabi-gcc" -MMD -MT "Startup/system_XMC4500.o" -DXMC4500_F100x1024 -I"D:\Bachelorarbeit\Dave\Basisstation\USBLIB_GENERICHID_XMC45\Libraries\XMCLib\inc" -I"D:\Bachelorarbeit\Dave\Basisstation\USBLIB_GENERICHID_XMC45/Libraries/CMSIS/Include" -I"D:\Bachelorarbeit\Dave\Basisstation\USBLIB_GENERICHID_XMC45/Libraries/CMSIS/Infineon/XMC4500_series/Include" -I"D:\Bachelorarbeit\Dave\Basisstation\USBLIB_GENERICHID_XMC45" -I"D:\Bachelorarbeit\Dave\Basisstation\USBLIB_GENERICHID_XMC45\Libraries" -O1 -ffunction-sections -fdata-sections -Wall -std=gnu99 -mfloat-abi=softfp -Wa,-adhlns="Startup/system_XMC4500.o.lst" -pipe -c -fmessage-length=0 -fshort-wchar -MMD -MP -MF"Startup/system_XMC4500.d" -MT"Startup/system_XMC4500.d Startup/system_XMC4500.o" -mcpu=cortex-m4 -mfpu=fpv4-sp-d16 -mthumb -g -gdwarf-2 -o "Startup/system_XMC4500.o" "../Startup/system_XMC4500.c"
'Finished building: ../Startup/system_XMC4500.c'

'Building file: ../Libraries/XMCLib/src/xmc1_gpio.c'
'Invoking: ARM-GCC C Compiler'
"C:\DAVEv4-64Bit\DAVE-4.2.6\eclipse\ARM-GCC-49/bin/arm-none-eabi-gcc" -MMD -MT "Libraries/XMCLib/src/xmc1_gpio.o" -DXMC4500_F100x1024 -I"D:\Bachelorarbeit\Dave\Basisstation\USBLIB_GENERICHID_XMC45\Libraries\XMCLib\inc" -I"D:\Bachelorarbeit\Dave\Basisstation\USBLIB_GENERICHID_XMC45/Libraries/CMSIS/Include" -I"D:\Bachelorarbeit\Dave\Basisstation\USBLIB_GENERICHID_XMC45/Libraries/CMSIS/Infineon/XMC4500_series/Include" -I"D:\Bachelorarbeit\Dave\Basisstation\USBLIB_GENERICHID_XMC45" -I"D:\Bachelorarbeit\Dave\Basisstation\USBLIB_GENERICHID_XMC45\Libraries" -O1 -ffunction-sections -fdata-sections -Wall -std=gnu99 -mfloat-abi=softfp -Wa,-adhlns="Libraries/XMCLib/src/xmc1_gpio.o.lst" -pipe -c -fmessage-length=0 -fshort-wchar -MMD -MP -MF"Libraries/XMCLib/src/xmc1_gpio.d" -MT"Libraries/XMCLib/src/xmc1_gpio.d Libraries/XMCLib/src/xmc1_gpio.o" -mcpu=cortex-m4 -mfpu=fpv4-sp-d16 -mthumb -g -gdwarf-2 -o "Libraries/XMCLib/src/xmc1_gpio.o" "../Libraries/XMCLib/src/xmc1_gpio.c"
'Finished building: ../Libraries/XMCLib/src/xmc1_gpio.c'

'Building file: ../Libraries/XMCLib/src/xmc1_rtc.c'
'Invoking: ARM-GCC C Compiler'
"C:\DAVEv4-64Bit\DAVE-4.2.6\eclipse\ARM-GCC-49/bin/arm-none-eabi-gcc" -MMD -MT "Libraries/XMCLib/src/xmc1_rtc.o" -DXMC4500_F100x1024 -I"D:\Bachelorarbeit\Dave\Basisstation\USBLIB_GENERICHID_XMC45\Libraries\XMCLib\inc" -I"D:\Bachelorarbeit\Dave\Basisstation\USBLIB_GENERICHID_XMC45/Libraries/CMSIS/Include" -I"D:\Bachelorarbeit\Dave\Basisstation\USBLIB_GENERICHID_XMC45/Libraries/CMSIS/Infineon/XMC4500_series/Include" -I"D:\Bachelorarbeit\Dave\Basisstation\USBLIB_GENERICHID_XMC45" -I"D:\Bachelorarbeit\Dave\Basisstation\USBLIB_GENERICHID_XMC45\Libraries" -O1 -ffunction-sections -fdata-sections -Wall -std=gnu99 -mfloat-abi=softfp -Wa,-adhlns="Libraries/XMCLib/src/xmc1_rtc.o.lst" -pipe -c -fmessage-length=0 -fshort-wchar -MMD -MP -MF"Libraries/XMCLib/src/xmc1_rtc.d" -MT"Libraries/XMCLib/src/xmc1_rtc.d Libraries/XMCLib/src/xmc1_rtc.o" -mcpu=cortex-m4 -mfpu=fpv4-sp-d16 -mthumb -g -gdwarf-2 -o "Libraries/XMCLib/src/xmc1_rtc.o" "../Libraries/XMCLib/src/xmc1_rtc.c"
'Finished building: ../Libraries/XMCLib/src/xmc1_rtc.c'

'Building file: ../Libraries/XMCLib/src/xmc1_scu.c'
'Invoking: ARM-GCC C Compiler'
"C:\DAVEv4-64Bit\DAVE-4.2.6\eclipse\ARM-GCC-49/bin/arm-none-eabi-gcc" -MMD -MT "Libraries/XMCLib/src/xmc1_scu.o" -DXMC4500_F100x1024 -I"D:\Bachelorarbeit\Dave\Basisstation\USBLIB_GENERICHID_XMC45\Libraries\XMCLib\inc" -I"D:\Bachelorarbeit\Dave\Basisstation\USBLIB_GENERICHID_XMC45/Libraries/CMSIS/Include" -I"D:\Bachelorarbeit\Dave\Basisstation\USBLIB_GENERICHID_XMC45/Libraries/CMSIS/Infineon/XMC4500_series/Include" -I"D:\Bachelorarbeit\Dave\Basisstation\USBLIB_GENERICHID_XMC45" -I"D:\Bachelorarbeit\Dave\Basisstation\USBLIB_GENERICHID_XMC45\Libraries" -O1 -ffunction-sections -fdata-sections -Wall -std=gnu99 -mfloat-abi=softfp -Wa,-adhlns="Libraries/XMCLib/src/xmc1_scu.o.lst" -pipe -c -fmessage-length=0 -fshort-wchar -MMD -MP -MF"Libraries/XMCLib/src/xmc1_scu.d" -MT"Libraries/XMCLib/src/xmc1_scu.d Libraries/XMCLib/src/xmc1_scu.o" -mcpu=cortex-m4 -mfpu=fpv4-sp-d16 -mthumb -g -gdwarf-2 -o "Libraries/XMCLib/src/xmc1_scu.o" "../Libraries/XMCLib/src/xmc1_scu.c"
'Finished building: ../Libraries/XMCLib/src/xmc1_scu.c'

'Building file: ../Libraries/XMCLib/src/xmc4_eru.c'
'Invoking: ARM-GCC C Compiler'
"C:\DAVEv4-64Bit\DAVE-4.2.6\eclipse\ARM-GCC-49/bin/arm-none-eabi-gcc" -MMD -MT "Libraries/XMCLib/src/xmc4_eru.o" -DXMC4500_F100x1024 -I"D:\Bachelorarbeit\Dave\Basisstation\USBLIB_GENERICHID_XMC45\Libraries\XMCLib\inc" -I"D:\Bachelorarbeit\Dave\Basisstation\USBLIB_GENERICHID_XMC45/Libraries/CMSIS/Include" -I"D:\Bachelorarbeit\Dave\Basisstation\USBLIB_GENERICHID_XMC45/Libraries/CMSIS/Infineon/XMC4500_series/Include" -I"D:\Bachelorarbeit\Dave\Basisstation\USBLIB_GENERICHID_XMC45" -I"D:\Bachelorarbeit\Dave\Basisstation\USBLIB_GENERICHID_XMC45\Libraries" -O1 -ffunction-sections -fdata-sections -Wall -std=gnu99 -mfloat-abi=softfp -Wa,-adhlns="Libraries/XMCLib/src/xmc4_eru.o.lst" -pipe -c -fmessage-length=0 -fshort-wchar -MMD -MP -MF"Libraries/XMCLib/src/xmc4_eru.d" -MT"Libraries/XMCLib/src/xmc4_eru.d Libraries/XMCLib/src/xmc4_eru.o" -mcpu=cortex-m4 -mfpu=fpv4-sp-d16 -mthumb -g -gdwarf-2 -o "Libraries/XMCLib/src/xmc4_eru.o" "../Libraries/XMCLib/src/xmc4_eru.c"
'Finished building: ../Libraries/XMCLib/src/xmc4_eru.c'

'Building file: ../Libraries/XMCLib/src/xmc4_flash.c'
'Invoking: ARM-GCC C Compiler'
"C:\DAVEv4-64Bit\DAVE-4.2.6\eclipse\ARM-GCC-49/bin/arm-none-eabi-gcc" -MMD -MT "Libraries/XMCLib/src/xmc4_flash.o" -DXMC4500_F100x1024 -I"D:\Bachelorarbeit\Dave\Basisstation\USBLIB_GENERICHID_XMC45\Libraries\XMCLib\inc" -I"D:\Bachelorarbeit\Dave\Basisstation\USBLIB_GENERICHID_XMC45/Libraries/CMSIS/Include" -I"D:\Bachelorarbeit\Dave\Basisstation\USBLIB_GENERICHID_XMC45/Libraries/CMSIS/Infineon/XMC4500_series/Include" -I"D:\Bachelorarbeit\Dave\Basisstation\USBLIB_GENERICHID_XMC45" -I"D:\Bachelorarbeit\Dave\Basisstation\USBLIB_GENERICHID_XMC45\Libraries" -O1 -ffunction-sections -fdata-sections -Wall -std=gnu99 -mfloat-abi=softfp -Wa,-adhlns="Libraries/XMCLib/src/xmc4_flash.o.lst" -pipe -c -fmessage-length=0 -fshort-wchar -MMD -MP -MF"Libraries/XMCLib/src/xmc4_flash.d" -MT"Libraries/XMCLib/src/xmc4_flash.d Libraries/XMCLib/src/xmc4_flash.o" -mcpu=cortex-m4 -mfpu=fpv4-sp-d16 -mthumb -g -gdwarf-2 -o "Libraries/XMCLib/src/xmc4_flash.o" "../Libraries/XMCLib/src/xmc4_flash.c"
'Finished building: ../Libraries/XMCLib/src/xmc4_flash.c'

'Building file: ../Libraries/XMCLib/src/xmc4_rtc.c'
'Invoking: ARM-GCC C Compiler'
"C:\DAVEv4-64Bit\DAVE-4.2.6\eclipse\ARM-GCC-49/bin/arm-none-eabi-gcc" -MMD -MT "Libraries/XMCLib/src/xmc4_rtc.o" -DXMC4500_F100x1024 -I"D:\Bachelorarbeit\Dave\Basisstation\USBLIB_GENERICHID_XMC45\Libraries\XMCLib\inc" -I"D:\Bachelorarbeit\Dave\Basisstation\USBLIB_GENERICHID_XMC45/Libraries/CMSIS/Include" -I"D:\Bachelorarbeit\Dave\Basisstation\USBLIB_GENERICHID_XMC45/Libraries/CMSIS/Infineon/XMC4500_series/Include" -I"D:\Bachelorarbeit\Dave\Basisstation\USBLIB_GENERICHID_XMC45" -I"D:\Bachelorarbeit\Dave\Basisstation\USBLIB_GENERICHID_XMC45\Libraries" -O1 -ffunction-sections -fdata-sections -Wall -std=gnu99 -mfloat-abi=softfp -Wa,-adhlns="Libraries/XMCLib/src/xmc4_rtc.o.lst" -pipe -c -fmessage-length=0 -fshort-wchar -MMD -MP -MF"Libraries/XMCLib/src/xmc4_rtc.d" -MT"Libraries/XMCLib/src/xmc4_rtc.d Libraries/XMCLib/src/xmc4_rtc.o" -mcpu=cortex-m4 -mfpu=fpv4-sp-d16 -mthumb -g -gdwarf-2 -o "Libraries/XMCLib/src/xmc4_rtc.o" "../Libraries/XMCLib/src/xmc4_rtc.c"
'Finished building: ../Libraries/XMCLib/src/xmc4_rtc.c'

'Building file: ../Libraries/XMCLib/src/xmc4_gpio.c'
'Invoking: ARM-GCC C Compiler'
"C:\DAVEv4-64Bit\DAVE-4.2.6\eclipse\ARM-GCC-49/bin/arm-none-eabi-gcc" -MMD -MT "Libraries/XMCLib/src/xmc4_gpio.o" -DXMC4500_F100x1024 -I"D:\Bachelorarbeit\Dave\Basisstation\USBLIB_GENERICHID_XMC45\Libraries\XMCLib\inc" -I"D:\Bachelorarbeit\Dave\Basisstation\USBLIB_GENERICHID_XMC45/Libraries/CMSIS/Include" -I"D:\Bachelorarbeit\Dave\Basisstation\USBLIB_GENERICHID_XMC45/Libraries/CMSIS/Infineon/XMC4500_series/Include" -I"D:\Bachelorarbeit\Dave\Basisstation\USBLIB_GENERICHID_XMC45" -I"D:\Bachelorarbeit\Dave\Basisstation\USBLIB_GENERICHID_XMC45\Libraries" -O1 -ffunction-sections -fdata-sections -Wall -std=gnu99 -mfloat-abi=softfp -Wa,-adhlns="Libraries/XMCLib/src/xmc4_gpio.o.lst" -pipe -c -fmessage-length=0 -fshort-wchar -MMD -MP -MF"Libraries/XMCLib/src/xmc4_gpio.d" -MT"Libraries/XMCLib/src/xmc4_gpio.d Libraries/XMCLib/src/xmc4_gpio.o" -mcpu=cortex-m4 -mfpu=fpv4-sp-d16 -mthumb -g -gdwarf-2 -o "Libraries/XMCLib/src/xmc4_gpio.o" "../Libraries/XMCLib/src/xmc4_gpio.c"
'Finished building: ../Libraries/XMCLib/src/xmc4_gpio.c'

'Building file: ../Libraries/XMCLib/src/xmc_acmp.c'
'Invoking: ARM-GCC C Compiler'
"C:\DAVEv4-64Bit\DAVE-4.2.6\eclipse\ARM-GCC-49/bin/arm-none-eabi-gcc" -MMD -MT "Libraries/XMCLib/src/xmc_acmp.o" -DXMC4500_F100x1024 -I"D:\Bachelorarbeit\Dave\Basisstation\USBLIB_GENERICHID_XMC45\Libraries\XMCLib\inc" -I"D:\Bachelorarbeit\Dave\Basisstation\USBLIB_GENERICHID_XMC45/Libraries/CMSIS/Include" -I"D:\Bachelorarbeit\Dave\Basisstation\USBLIB_GENERICHID_XMC45/Libraries/CMSIS/Infineon/XMC4500_series/Include" -I"D:\Bachelorarbeit\Dave\Basisstation\USBLIB_GENERICHID_XMC45" -I"D:\Bachelorarbeit\Dave\Basisstation\USBLIB_GENERICHID_XMC45\Libraries" -O1 -ffunction-sections -fdata-sections -Wall -std=gnu99 -mfloat-abi=softfp -Wa,-adhlns="Libraries/XMCLib/src/xmc_acmp.o.lst" -pipe -c -fmessage-length=0 -fshort-wchar -MMD -MP -MF"Libraries/XMCLib/src/xmc_acmp.d" -MT"Libraries/XMCLib/src/xmc_acmp.d Libraries/XMCLib/src/xmc_acmp.o" -mcpu=cortex-m4 -mfpu=fpv4-sp-d16 -mthumb -g -gdwarf-2 -o "Libraries/XMCLib/src/xmc_acmp.o" "../Libraries/XMCLib/src/xmc_acmp.c"
'Finished building: ../Libraries/XMCLib/src/xmc_acmp.c'

'Building file: ../Libraries/XMCLib/src/xmc_bccu.c'
'Invoking: ARM-GCC C Compiler'
"C:\DAVEv4-64Bit\DAVE-4.2.6\eclipse\ARM-GCC-49/bin/arm-none-eabi-gcc" -MMD -MT "Libraries/XMCLib/src/xmc_bccu.o" -DXMC4500_F100x1024 -I"D:\Bachelorarbeit\Dave\Basisstation\USBLIB_GENERICHID_XMC45\Libraries\XMCLib\inc" -I"D:\Bachelorarbeit\Dave\Basisstation\USBLIB_GENERICHID_XMC45/Libraries/CMSIS/Include" -I"D:\Bachelorarbeit\Dave\Basisstation\USBLIB_GENERICHID_XMC45/Libraries/CMSIS/Infineon/XMC4500_series/Include" -I"D:\Bachelorarbeit\Dave\Basisstation\USBLIB_GENERICHID_XMC45" -I"D:\Bachelorarbeit\Dave\Basisstation\USBLIB_GENERICHID_XMC45\Libraries" -O1 -ffunction-sections -fdata-sections -Wall -std=gnu99 -mfloat-abi=softfp -Wa,-adhlns="Libraries/XMCLib/src/xmc_bccu.o.lst" -pipe -c -fmessage-length=0 -fshort-wchar -MMD -MP -MF"Libraries/XMCLib/src/xmc_bccu.d" -MT"Libraries/XMCLib/src/xmc_bccu.d Libraries/XMCLib/src/xmc_bccu.o" -mcpu=cortex-m4 -mfpu=fpv4-sp-d16 -mthumb -g -gdwarf-2 -o "Libraries/XMCLib/src/xmc_bccu.o" "../Libraries/XMCLib/src/xmc_bccu.c"
'Finished building: ../Libraries/XMCLib/src/xmc_bccu.c'

'Building file: ../Libraries/XMCLib/src/xmc4_scu.c'
'Invoking: ARM-GCC C Compiler'
"C:\DAVEv4-64Bit\DAVE-4.2.6\eclipse\ARM-GCC-49/bin/arm-none-eabi-gcc" -MMD -MT "Libraries/XMCLib/src/xmc4_scu.o" -DXMC4500_F100x1024 -I"D:\Bachelorarbeit\Dave\Basisstation\USBLIB_GENERICHID_XMC45\Libraries\XMCLib\inc" -I"D:\Bachelorarbeit\Dave\Basisstation\USBLIB_GENERICHID_XMC45/Libraries/CMSIS/Include" -I"D:\Bachelorarbeit\Dave\Basisstation\USBLIB_GENERICHID_XMC45/Libraries/CMSIS/Infineon/XMC4500_series/Include" -I"D:\Bachelorarbeit\Dave\Basisstation\USBLIB_GENERICHID_XMC45" -I"D:\Bachelorarbeit\Dave\Basisstation\USBLIB_GENERICHID_XMC45\Libraries" -O1 -ffunction-sections -fdata-sections -Wall -std=gnu99 -mfloat-abi=softfp -Wa,-adhlns="Libraries/XMCLib/src/xmc4_scu.o.lst" -pipe -c -fmessage-length=0 -fshort-wchar -MMD -MP -MF"Libraries/XMCLib/src/xmc4_scu.d" -MT"Libraries/XMCLib/src/xmc4_scu.d Libraries/XMCLib/src/xmc4_scu.o" -mcpu=cortex-m4 -mfpu=fpv4-sp-d16 -mthumb -g -gdwarf-2 -o "Libraries/XMCLib/src/xmc4_scu.o" "../Libraries/XMCLib/src/xmc4_scu.c"
'Finished building: ../Libraries/XMCLib/src/xmc4_scu.c'

'Building file: ../Libraries/XMCLib/src/xmc_can.c'
'Invoking: ARM-GCC C Compiler'
"C:\DAVEv4-64Bit\DAVE-4.2.6\eclipse\ARM-GCC-49/bin/arm-none-eabi-gcc" -MMD -MT "Libraries/XMCLib/src/xmc_can.o" -DXMC4500_F100x1024 -I"D:\Bachelorarbeit\Dave\Basisstation\USBLIB_GENERICHID_XMC45\Libraries\XMCLib\inc" -I"D:\Bachelorarbeit\Dave\Basisstation\USBLIB_GENERICHID_XMC45/Libraries/CMSIS/Include" -I"D:\Bachelorarbeit\Dave\Basisstation\USBLIB_GENERICHID_XMC45/Libraries/CMSIS/Infineon/XMC4500_series/Include" -I"D:\Bachelorarbeit\Dave\Basisstation\USBLIB_GENERICHID_XMC45" -I"D:\Bachelorarbeit\Dave\Basisstation\USBLIB_GENERICHID_XMC45\Libraries" -O1 -ffunction-sections -fdata-sections -Wall -std=gnu99 -mfloat-abi=softfp -Wa,-adhlns="Libraries/XMCLib/src/xmc_can.o.lst" -pipe -c -fmessage-length=0 -fshort-wchar -MMD -MP -MF"Libraries/XMCLib/src/xmc_can.d" -MT"Libraries/XMCLib/src/xmc_can.d Libraries/XMCLib/src/xmc_can.o" -mcpu=cortex-m4 -mfpu=fpv4-sp-d16 -mthumb -g -gdwarf-2 -o "Libraries/XMCLib/src/xmc_can.o" "../Libraries/XMCLib/src/xmc_can.c"
'Finished building: ../Libraries/XMCLib/src/xmc_can.c'

'Building file: ../Libraries/XMCLib/src/xmc_ccu4.c'
'Invoking: ARM-GCC C Compiler'
"C:\DAVEv4-64Bit\DAVE-4.2.6\eclipse\ARM-GCC-49/bin/arm-none-eabi-gcc" -MMD -MT "Libraries/XMCLib/src/xmc_ccu4.o" -DXMC4500_F100x1024 -I"D:\Bachelorarbeit\Dave\Basisstation\USBLIB_GENERICHID_XMC45\Libraries\XMCLib\inc" -I"D:\Bachelorarbeit\Dave\Basisstation\USBLIB_GENERICHID_XMC45/Libraries/CMSIS/Include" -I"D:\Bachelorarbeit\Dave\Basisstation\USBLIB_GENERICHID_XMC45/Libraries/CMSIS/Infineon/XMC4500_series/Include" -I"D:\Bachelorarbeit\Dave\Basisstation\USBLIB_GENERICHID_XMC45" -I"D:\Bachelorarbeit\Dave\Basisstation\USBLIB_GENERICHID_XMC45\Libraries" -O1 -ffunction-sections -fdata-sections -Wall -std=gnu99 -mfloat-abi=softfp -Wa,-adhlns="Libraries/XMCLib/src/xmc_ccu4.o.lst" -pipe -c -fmessage-length=0 -fshort-wchar -MMD -MP -MF"Libraries/XMCLib/src/xmc_ccu4.d" -MT"Libraries/XMCLib/src/xmc_ccu4.d Libraries/XMCLib/src/xmc_ccu4.o" -mcpu=cortex-m4 -mfpu=fpv4-sp-d16 -mthumb -g -gdwarf-2 -o "Libraries/XMCLib/src/xmc_ccu4.o" "../Libraries/XMCLib/src/xmc_ccu4.c"
'Finished building: ../Libraries/XMCLib/src/xmc_ccu4.c'

'Building file: ../Libraries/XMCLib/src/xmc_common.c'
'Invoking: ARM-GCC C Compiler'
"C:\DAVEv4-64Bit\DAVE-4.2.6\eclipse\ARM-GCC-49/bin/arm-none-eabi-gcc" -MMD -MT "Libraries/XMCLib/src/xmc_common.o" -DXMC4500_F100x1024 -I"D:\Bachelorarbeit\Dave\Basisstation\USBLIB_GENERICHID_XMC45\Libraries\XMCLib\inc" -I"D:\Bachelorarbeit\Dave\Basisstation\USBLIB_GENERICHID_XMC45/Libraries/CMSIS/Include" -I"D:\Bachelorarbeit\Dave\Basisstation\USBLIB_GENERICHID_XMC45/Libraries/CMSIS/Infineon/XMC4500_series/Include" -I"D:\Bachelorarbeit\Dave\Basisstation\USBLIB_GENERICHID_XMC45" -I"D:\Bachelorarbeit\Dave\Basisstation\USBLIB_GENERICHID_XMC45\Libraries" -O1 -ffunction-sections -fdata-sections -Wall -std=gnu99 -mfloat-abi=softfp -Wa,-adhlns="Libraries/XMCLib/src/xmc_common.o.lst" -pipe -c -fmessage-length=0 -fshort-wchar -MMD -MP -MF"Libraries/XMCLib/src/xmc_common.d" -MT"Libraries/XMCLib/src/xmc_common.d Libraries/XMCLib/src/xmc_common.o" -mcpu=cortex-m4 -mfpu=fpv4-sp-d16 -mthumb -g -gdwarf-2 -o "Libraries/XMCLib/src/xmc_common.o" "../Libraries/XMCLib/src/xmc_common.c"
'Finished building: ../Libraries/XMCLib/src/xmc_common.c'

'Building file: ../Libraries/XMCLib/src/xmc_ccu8.c'
'Invoking: ARM-GCC C Compiler'
"C:\DAVEv4-64Bit\DAVE-4.2.6\eclipse\ARM-GCC-49/bin/arm-none-eabi-gcc" -MMD -MT "Libraries/XMCLib/src/xmc_ccu8.o" -DXMC4500_F100x1024 -I"D:\Bachelorarbeit\Dave\Basisstation\USBLIB_GENERICHID_XMC45\Libraries\XMCLib\inc" -I"D:\Bachelorarbeit\Dave\Basisstation\USBLIB_GENERICHID_XMC45/Libraries/CMSIS/Include" -I"D:\Bachelorarbeit\Dave\Basisstation\USBLIB_GENERICHID_XMC45/Libraries/CMSIS/Infineon/XMC4500_series/Include" -I"D:\Bachelorarbeit\Dave\Basisstation\USBLIB_GENERICHID_XMC45" -I"D:\Bachelorarbeit\Dave\Basisstation\USBLIB_GENERICHID_XMC45\Libraries" -O1 -ffunction-sections -fdata-sections -Wall -std=gnu99 -mfloat-abi=softfp -Wa,-adhlns="Libraries/XMCLib/src/xmc_ccu8.o.lst" -pipe -c -fmessage-length=0 -fshort-wchar -MMD -MP -MF"Libraries/XMCLib/src/xmc_ccu8.d" -MT"Libraries/XMCLib/src/xmc_ccu8.d Libraries/XMCLib/src/xmc_ccu8.o" -mcpu=cortex-m4 -mfpu=fpv4-sp-d16 -mthumb -g -gdwarf-2 -o "Libraries/XMCLib/src/xmc_ccu8.o" "../Libraries/XMCLib/src/xmc_ccu8.c"
'Finished building: ../Libraries/XMCLib/src/xmc_ccu8.c'

'Building file: ../Libraries/XMCLib/src/xmc_dac.c'
'Invoking: ARM-GCC C Compiler'
"C:\DAVEv4-64Bit\DAVE-4.2.6\eclipse\ARM-GCC-49/bin/arm-none-eabi-gcc" -MMD -MT "Libraries/XMCLib/src/xmc_dac.o" -DXMC4500_F100x1024 -I"D:\Bachelorarbeit\Dave\Basisstation\USBLIB_GENERICHID_XMC45\Libraries\XMCLib\inc" -I"D:\Bachelorarbeit\Dave\Basisstation\USBLIB_GENERICHID_XMC45/Libraries/CMSIS/Include" -I"D:\Bachelorarbeit\Dave\Basisstation\USBLIB_GENERICHID_XMC45/Libraries/CMSIS/Infineon/XMC4500_series/Include" -I"D:\Bachelorarbeit\Dave\Basisstation\USBLIB_GENERICHID_XMC45" -I"D:\Bachelorarbeit\Dave\Basisstation\USBLIB_GENERICHID_XMC45\Libraries" -O1 -ffunction-sections -fdata-sections -Wall -std=gnu99 -mfloat-abi=softfp -Wa,-adhlns="Libraries/XMCLib/src/xmc_dac.o.lst" -pipe -c -fmessage-length=0 -fshort-wchar -MMD -MP -MF"Libraries/XMCLib/src/xmc_dac.d" -MT"Libraries/XMCLib/src/xmc_dac.d Libraries/XMCLib/src/xmc_dac.o" -mcpu=cortex-m4 -mfpu=fpv4-sp-d16 -mthumb -g -gdwarf-2 -o "Libraries/XMCLib/src/xmc_dac.o" "../Libraries/XMCLib/src/xmc_dac.c"
'Finished building: ../Libraries/XMCLib/src/xmc_dac.c'

'Building file: ../Libraries/XMCLib/src/xmc_ecat.c'
'Invoking: ARM-GCC C Compiler'
"C:\DAVEv4-64Bit\DAVE-4.2.6\eclipse\ARM-GCC-49/bin/arm-none-eabi-gcc" -MMD -MT "Libraries/XMCLib/src/xmc_ecat.o" -DXMC4500_F100x1024 -I"D:\Bachelorarbeit\Dave\Basisstation\USBLIB_GENERICHID_XMC45\Libraries\XMCLib\inc" -I"D:\Bachelorarbeit\Dave\Basisstation\USBLIB_GENERICHID_XMC45/Libraries/CMSIS/Include" -I"D:\Bachelorarbeit\Dave\Basisstation\USBLIB_GENERICHID_XMC45/Libraries/CMSIS/Infineon/XMC4500_series/Include" -I"D:\Bachelorarbeit\Dave\Basisstation\USBLIB_GENERICHID_XMC45" -I"D:\Bachelorarbeit\Dave\Basisstation\USBLIB_GENERICHID_XMC45\Libraries" -O1 -ffunction-sections -fdata-sections -Wall -std=gnu99 -mfloat-abi=softfp -Wa,-adhlns="Libraries/XMCLib/src/xmc_ecat.o.lst" -pipe -c -fmessage-length=0 -fshort-wchar -MMD -MP -MF"Libraries/XMCLib/src/xmc_ecat.d" -MT"Libraries/XMCLib/src/xmc_ecat.d Libraries/XMCLib/src/xmc_ecat.o" -mcpu=cortex-m4 -mfpu=fpv4-sp-d16 -mthumb -g -gdwarf-2 -o "Libraries/XMCLib/src/xmc_ecat.o" "../Libraries/XMCLib/src/xmc_ecat.c"
'Finished building: ../Libraries/XMCLib/src/xmc_ecat.c'

'Building file: ../Libraries/XMCLib/src/xmc_dsd.c'
'Invoking: ARM-GCC C Compiler'
"C:\DAVEv4-64Bit\DAVE-4.2.6\eclipse\ARM-GCC-49/bin/arm-none-eabi-gcc" -MMD -MT "Libraries/XMCLib/src/xmc_dsd.o" -DXMC4500_F100x1024 -I"D:\Bachelorarbeit\Dave\Basisstation\USBLIB_GENERICHID_XMC45\Libraries\XMCLib\inc" -I"D:\Bachelorarbeit\Dave\Basisstation\USBLIB_GENERICHID_XMC45/Libraries/CMSIS/Include" -I"D:\Bachelorarbeit\Dave\Basisstation\USBLIB_GENERICHID_XMC45/Libraries/CMSIS/Infineon/XMC4500_series/Include" -I"D:\Bachelorarbeit\Dave\Basisstation\USBLIB_GENERICHID_XMC45" -I"D:\Bachelorarbeit\Dave\Basisstation\USBLIB_GENERICHID_XMC45\Libraries" -O1 -ffunction-sections -fdata-sections -Wall -std=gnu99 -mfloat-abi=softfp -Wa,-adhlns="Libraries/XMCLib/src/xmc_dsd.o.lst" -pipe -c -fmessage-length=0 -fshort-wchar -MMD -MP -MF"Libraries/XMCLib/src/xmc_dsd.d" -MT"Libraries/XMCLib/src/xmc_dsd.d Libraries/XMCLib/src/xmc_dsd.o" -mcpu=cortex-m4 -mfpu=fpv4-sp-d16 -mthumb -g -gdwarf-2 -o "Libraries/XMCLib/src/xmc_dsd.o" "../Libraries/XMCLib/src/xmc_dsd.c"
'Finished building: ../Libraries/XMCLib/src/xmc_dsd.c'

'Building file: ../Libraries/XMCLib/src/xmc_ebu.c'
'Invoking: ARM-GCC C Compiler'
"C:\DAVEv4-64Bit\DAVE-4.2.6\eclipse\ARM-GCC-49/bin/arm-none-eabi-gcc" -MMD -MT "Libraries/XMCLib/src/xmc_ebu.o" -DXMC4500_F100x1024 -I"D:\Bachelorarbeit\Dave\Basisstation\USBLIB_GENERICHID_XMC45\Libraries\XMCLib\inc" -I"D:\Bachelorarbeit\Dave\Basisstation\USBLIB_GENERICHID_XMC45/Libraries/CMSIS/Include" -I"D:\Bachelorarbeit\Dave\Basisstation\USBLIB_GENERICHID_XMC45/Libraries/CMSIS/Infineon/XMC4500_series/Include" -I"D:\Bachelorarbeit\Dave\Basisstation\USBLIB_GENERICHID_XMC45" -I"D:\Bachelorarbeit\Dave\Basisstation\USBLIB_GENERICHID_XMC45\Libraries" -O1 -ffunction-sections -fdata-sections -Wall -std=gnu99 -mfloat-abi=softfp -Wa,-adhlns="Libraries/XMCLib/src/xmc_ebu.o.lst" -pipe -c -fmessage-length=0 -fshort-wchar -MMD -MP -MF"Libraries/XMCLib/src/xmc_ebu.d" -MT"Libraries/XMCLib/src/xmc_ebu.d Libraries/XMCLib/src/xmc_ebu.o" -mcpu=cortex-m4 -mfpu=fpv4-sp-d16 -mthumb -g -gdwarf-2 -o "Libraries/XMCLib/src/xmc_ebu.o" "../Libraries/XMCLib/src/xmc_ebu.c"
'Finished building: ../Libraries/XMCLib/src/xmc_ebu.c'

'Building file: ../Libraries/XMCLib/src/xmc_dma.c'
'Invoking: ARM-GCC C Compiler'
"C:\DAVEv4-64Bit\DAVE-4.2.6\eclipse\ARM-GCC-49/bin/arm-none-eabi-gcc" -MMD -MT "Libraries/XMCLib/src/xmc_dma.o" -DXMC4500_F100x1024 -I"D:\Bachelorarbeit\Dave\Basisstation\USBLIB_GENERICHID_XMC45\Libraries\XMCLib\inc" -I"D:\Bachelorarbeit\Dave\Basisstation\USBLIB_GENERICHID_XMC45/Libraries/CMSIS/Include" -I"D:\Bachelorarbeit\Dave\Basisstation\USBLIB_GENERICHID_XMC45/Libraries/CMSIS/Infineon/XMC4500_series/Include" -I"D:\Bachelorarbeit\Dave\Basisstation\USBLIB_GENERICHID_XMC45" -I"D:\Bachelorarbeit\Dave\Basisstation\USBLIB_GENERICHID_XMC45\Libraries" -O1 -ffunction-sections -fdata-sections -Wall -std=gnu99 -mfloat-abi=softfp -Wa,-adhlns="Libraries/XMCLib/src/xmc_dma.o.lst" -pipe -c -fmessage-length=0 -fshort-wchar -MMD -MP -MF"Libraries/XMCLib/src/xmc_dma.d" -MT"Libraries/XMCLib/src/xmc_dma.d Libraries/XMCLib/src/xmc_dma.o" -mcpu=cortex-m4 -mfpu=fpv4-sp-d16 -mthumb -g -gdwarf-2 -o "Libraries/XMCLib/src/xmc_dma.o" "../Libraries/XMCLib/src/xmc_dma.c"
'Finished building: ../Libraries/XMCLib/src/xmc_dma.c'

'Building file: ../Libraries/XMCLib/src/xmc_eru.c'
'Invoking: ARM-GCC C Compiler'
"C:\DAVEv4-64Bit\DAVE-4.2.6\eclipse\ARM-GCC-49/bin/arm-none-eabi-gcc" -MMD -MT "Libraries/XMCLib/src/xmc_eru.o" -DXMC4500_F100x1024 -I"D:\Bachelorarbeit\Dave\Basisstation\USBLIB_GENERICHID_XMC45\Libraries\XMCLib\inc" -I"D:\Bachelorarbeit\Dave\Basisstation\USBLIB_GENERICHID_XMC45/Libraries/CMSIS/Include" -I"D:\Bachelorarbeit\Dave\Basisstation\USBLIB_GENERICHID_XMC45/Libraries/CMSIS/Infineon/XMC4500_series/Include" -I"D:\Bachelorarbeit\Dave\Basisstation\USBLIB_GENERICHID_XMC45" -I"D:\Bachelorarbeit\Dave\Basisstation\USBLIB_GENERICHID_XMC45\Libraries" -O1 -ffunction-sections -fdata-sections -Wall -std=gnu99 -mfloat-abi=softfp -Wa,-adhlns="Libraries/XMCLib/src/xmc_eru.o.lst" -pipe -c -fmessage-length=0 -fshort-wchar -MMD -MP -MF"Libraries/XMCLib/src/xmc_eru.d" -MT"Libraries/XMCLib/src/xmc_eru.d Libraries/XMCLib/src/xmc_eru.o" -mcpu=cortex-m4 -mfpu=fpv4-sp-d16 -mthumb -g -gdwarf-2 -o "Libraries/XMCLib/src/xmc_eru.o" "../Libraries/XMCLib/src/xmc_eru.c"
'Finished building: ../Libraries/XMCLib/src/xmc_eru.c'

'Building file: ../Libraries/XMCLib/src/xmc_gpio.c'
'Invoking: ARM-GCC C Compiler'
"C:\DAVEv4-64Bit\DAVE-4.2.6\eclipse\ARM-GCC-49/bin/arm-none-eabi-gcc" -MMD -MT "Libraries/XMCLib/src/xmc_gpio.o" -DXMC4500_F100x1024 -I"D:\Bachelorarbeit\Dave\Basisstation\USBLIB_GENERICHID_XMC45\Libraries\XMCLib\inc" -I"D:\Bachelorarbeit\Dave\Basisstation\USBLIB_GENERICHID_XMC45/Libraries/CMSIS/Include" -I"D:\Bachelorarbeit\Dave\Basisstation\USBLIB_GENERICHID_XMC45/Libraries/CMSIS/Infineon/XMC4500_series/Include" -I"D:\Bachelorarbeit\Dave\Basisstation\USBLIB_GENERICHID_XMC45" -I"D:\Bachelorarbeit\Dave\Basisstation\USBLIB_GENERICHID_XMC45\Libraries" -O1 -ffunction-sections -fdata-sections -Wall -std=gnu99 -mfloat-abi=softfp -Wa,-adhlns="Libraries/XMCLib/src/xmc_gpio.o.lst" -pipe -c -fmessage-length=0 -fshort-wchar -MMD -MP -MF"Libraries/XMCLib/src/xmc_gpio.d" -MT"Libraries/XMCLib/src/xmc_gpio.d Libraries/XMCLib/src/xmc_gpio.o" -mcpu=cortex-m4 -mfpu=fpv4-sp-d16 -mthumb -g -gdwarf-2 -o "Libraries/XMCLib/src/xmc_gpio.o" "../Libraries/XMCLib/src/xmc_gpio.c"
'Finished building: ../Libraries/XMCLib/src/xmc_gpio.c'

'Building file: ../Libraries/XMCLib/src/xmc_fce.c'
'Invoking: ARM-GCC C Compiler'
"C:\DAVEv4-64Bit\DAVE-4.2.6\eclipse\ARM-GCC-49/bin/arm-none-eabi-gcc" -MMD -MT "Libraries/XMCLib/src/xmc_fce.o" -DXMC4500_F100x1024 -I"D:\Bachelorarbeit\Dave\Basisstation\USBLIB_GENERICHID_XMC45\Libraries\XMCLib\inc" -I"D:\Bachelorarbeit\Dave\Basisstation\USBLIB_GENERICHID_XMC45/Libraries/CMSIS/Include" -I"D:\Bachelorarbeit\Dave\Basisstation\USBLIB_GENERICHID_XMC45/Libraries/CMSIS/Infineon/XMC4500_series/Include" -I"D:\Bachelorarbeit\Dave\Basisstation\USBLIB_GENERICHID_XMC45" -I"D:\Bachelorarbeit\Dave\Basisstation\USBLIB_GENERICHID_XMC45\Libraries" -O1 -ffunction-sections -fdata-sections -Wall -std=gnu99 -mfloat-abi=softfp -Wa,-adhlns="Libraries/XMCLib/src/xmc_fce.o.lst" -pipe -c -fmessage-length=0 -fshort-wchar -MMD -MP -MF"Libraries/XMCLib/src/xmc_fce.d" -MT"Libraries/XMCLib/src/xmc_fce.d Libraries/XMCLib/src/xmc_fce.o" -mcpu=cortex-m4 -mfpu=fpv4-sp-d16 -mthumb -g -gdwarf-2 -o "Libraries/XMCLib/src/xmc_fce.o" "../Libraries/XMCLib/src/xmc_fce.c"
'Finished building: ../Libraries/XMCLib/src/xmc_fce.c'

'Building file: ../Libraries/XMCLib/src/xmc_eth_mac.c'
'Invoking: ARM-GCC C Compiler'
"C:\DAVEv4-64Bit\DAVE-4.2.6\eclipse\ARM-GCC-49/bin/arm-none-eabi-gcc" -MMD -MT "Libraries/XMCLib/src/xmc_eth_mac.o" -DXMC4500_F100x1024 -I"D:\Bachelorarbeit\Dave\Basisstation\USBLIB_GENERICHID_XMC45\Libraries\XMCLib\inc" -I"D:\Bachelorarbeit\Dave\Basisstation\USBLIB_GENERICHID_XMC45/Libraries/CMSIS/Include" -I"D:\Bachelorarbeit\Dave\Basisstation\USBLIB_GENERICHID_XMC45/Libraries/CMSIS/Infineon/XMC4500_series/Include" -I"D:\Bachelorarbeit\Dave\Basisstation\USBLIB_GENERICHID_XMC45" -I"D:\Bachelorarbeit\Dave\Basisstation\USBLIB_GENERICHID_XMC45\Libraries" -O1 -ffunction-sections -fdata-sections -Wall -std=gnu99 -mfloat-abi=softfp -Wa,-adhlns="Libraries/XMCLib/src/xmc_eth_mac.o.lst" -pipe -c -fmessage-length=0 -fshort-wchar -MMD -MP -MF"Libraries/XMCLib/src/xmc_eth_mac.d" -MT"Libraries/XMCLib/src/xmc_eth_mac.d Libraries/XMCLib/src/xmc_eth_mac.o" -mcpu=cortex-m4 -mfpu=fpv4-sp-d16 -mthumb -g -gdwarf-2 -o "Libraries/XMCLib/src/xmc_eth_mac.o" "../Libraries/XMCLib/src/xmc_eth_mac.c"
'Finished building: ../Libraries/XMCLib/src/xmc_eth_mac.c'

'Building file: ../Libraries/XMCLib/src/xmc_hrpwm.c'
'Invoking: ARM-GCC C Compiler'
"C:\DAVEv4-64Bit\DAVE-4.2.6\eclipse\ARM-GCC-49/bin/arm-none-eabi-gcc" -MMD -MT "Libraries/XMCLib/src/xmc_hrpwm.o" -DXMC4500_F100x1024 -I"D:\Bachelorarbeit\Dave\Basisstation\USBLIB_GENERICHID_XMC45\Libraries\XMCLib\inc" -I"D:\Bachelorarbeit\Dave\Basisstation\USBLIB_GENERICHID_XMC45/Libraries/CMSIS/Include" -I"D:\Bachelorarbeit\Dave\Basisstation\USBLIB_GENERICHID_XMC45/Libraries/CMSIS/Infineon/XMC4500_series/Include" -I"D:\Bachelorarbeit\Dave\Basisstation\USBLIB_GENERICHID_XMC45" -I"D:\Bachelorarbeit\Dave\Basisstation\USBLIB_GENERICHID_XMC45\Libraries" -O1 -ffunction-sections -fdata-sections -Wall -std=gnu99 -mfloat-abi=softfp -Wa,-adhlns="Libraries/XMCLib/src/xmc_hrpwm.o.lst" -pipe -c -fmessage-length=0 -fshort-wchar -MMD -MP -MF"Libraries/XMCLib/src/xmc_hrpwm.d" -MT"Libraries/XMCLib/src/xmc_hrpwm.d Libraries/XMCLib/src/xmc_hrpwm.o" -mcpu=cortex-m4 -mfpu=fpv4-sp-d16 -mthumb -g -gdwarf-2 -o "Libraries/XMCLib/src/xmc_hrpwm.o" "../Libraries/XMCLib/src/xmc_hrpwm.c"
'Finished building: ../Libraries/XMCLib/src/xmc_hrpwm.c'

'Building file: ../Libraries/XMCLib/src/xmc_i2c.c'
'Invoking: ARM-GCC C Compiler'
"C:\DAVEv4-64Bit\DAVE-4.2.6\eclipse\ARM-GCC-49/bin/arm-none-eabi-gcc" -MMD -MT "Libraries/XMCLib/src/xmc_i2c.o" -DXMC4500_F100x1024 -I"D:\Bachelorarbeit\Dave\Basisstation\USBLIB_GENERICHID_XMC45\Libraries\XMCLib\inc" -I"D:\Bachelorarbeit\Dave\Basisstation\USBLIB_GENERICHID_XMC45/Libraries/CMSIS/Include" -I"D:\Bachelorarbeit\Dave\Basisstation\USBLIB_GENERICHID_XMC45/Libraries/CMSIS/Infineon/XMC4500_series/Include" -I"D:\Bachelorarbeit\Dave\Basisstation\USBLIB_GENERICHID_XMC45" -I"D:\Bachelorarbeit\Dave\Basisstation\USBLIB_GENERICHID_XMC45\Libraries" -O1 -ffunction-sections -fdata-sections -Wall -std=gnu99 -mfloat-abi=softfp -Wa,-adhlns="Libraries/XMCLib/src/xmc_i2c.o.lst" -pipe -c -fmessage-length=0 -fshort-wchar -MMD -MP -MF"Libraries/XMCLib/src/xmc_i2c.d" -MT"Libraries/XMCLib/src/xmc_i2c.d Libraries/XMCLib/src/xmc_i2c.o" -mcpu=cortex-m4 -mfpu=fpv4-sp-d16 -mthumb -g -gdwarf-2 -o "Libraries/XMCLib/src/xmc_i2c.o" "../Libraries/XMCLib/src/xmc_i2c.c"
'Finished building: ../Libraries/XMCLib/src/xmc_i2c.c'

'Building file: ../Libraries/XMCLib/src/xmc_ledts.c'
'Invoking: ARM-GCC C Compiler'
"C:\DAVEv4-64Bit\DAVE-4.2.6\eclipse\ARM-GCC-49/bin/arm-none-eabi-gcc" -MMD -MT "Libraries/XMCLib/src/xmc_ledts.o" -DXMC4500_F100x1024 -I"D:\Bachelorarbeit\Dave\Basisstation\USBLIB_GENERICHID_XMC45\Libraries\XMCLib\inc" -I"D:\Bachelorarbeit\Dave\Basisstation\USBLIB_GENERICHID_XMC45/Libraries/CMSIS/Include" -I"D:\Bachelorarbeit\Dave\Basisstation\USBLIB_GENERICHID_XMC45/Libraries/CMSIS/Infineon/XMC4500_series/Include" -I"D:\Bachelorarbeit\Dave\Basisstation\USBLIB_GENERICHID_XMC45" -I"D:\Bachelorarbeit\Dave\Basisstation\USBLIB_GENERICHID_XMC45\Libraries" -O1 -ffunction-sections -fdata-sections -Wall -std=gnu99 -mfloat-abi=softfp -Wa,-adhlns="Libraries/XMCLib/src/xmc_ledts.o.lst" -pipe -c -fmessage-length=0 -fshort-wchar -MMD -MP -MF"Libraries/XMCLib/src/xmc_ledts.d" -MT"Libraries/XMCLib/src/xmc_ledts.d Libraries/XMCLib/src/xmc_ledts.o" -mcpu=cortex-m4 -mfpu=fpv4-sp-d16 -mthumb -g -gdwarf-2 -o "Libraries/XMCLib/src/xmc_ledts.o" "../Libraries/XMCLib/src/xmc_ledts.c"
'Finished building: ../Libraries/XMCLib/src/xmc_ledts.c'

'Building file: ../Libraries/XMCLib/src/xmc_i2s.c'
'Invoking: ARM-GCC C Compiler'
"C:\DAVEv4-64Bit\DAVE-4.2.6\eclipse\ARM-GCC-49/bin/arm-none-eabi-gcc" -MMD -MT "Libraries/XMCLib/src/xmc_i2s.o" -DXMC4500_F100x1024 -I"D:\Bachelorarbeit\Dave\Basisstation\USBLIB_GENERICHID_XMC45\Libraries\XMCLib\inc" -I"D:\Bachelorarbeit\Dave\Basisstation\USBLIB_GENERICHID_XMC45/Libraries/CMSIS/Include" -I"D:\Bachelorarbeit\Dave\Basisstation\USBLIB_GENERICHID_XMC45/Libraries/CMSIS/Infineon/XMC4500_series/Include" -I"D:\Bachelorarbeit\Dave\Basisstation\USBLIB_GENERICHID_XMC45" -I"D:\Bachelorarbeit\Dave\Basisstation\USBLIB_GENERICHID_XMC45\Libraries" -O1 -ffunction-sections -fdata-sections -Wall -std=gnu99 -mfloat-abi=softfp -Wa,-adhlns="Libraries/XMCLib/src/xmc_i2s.o.lst" -pipe -c -fmessage-length=0 -fshort-wchar -MMD -MP -MF"Libraries/XMCLib/src/xmc_i2s.d" -MT"Libraries/XMCLib/src/xmc_i2s.d Libraries/XMCLib/src/xmc_i2s.o" -mcpu=cortex-m4 -mfpu=fpv4-sp-d16 -mthumb -g -gdwarf-2 -o "Libraries/XMCLib/src/xmc_i2s.o" "../Libraries/XMCLib/src/xmc_i2s.c"
'Finished building: ../Libraries/XMCLib/src/xmc_i2s.c'

'Building file: ../Libraries/XMCLib/src/xmc_math.c'
'Invoking: ARM-GCC C Compiler'
"C:\DAVEv4-64Bit\DAVE-4.2.6\eclipse\ARM-GCC-49/bin/arm-none-eabi-gcc" -MMD -MT "Libraries/XMCLib/src/xmc_math.o" -DXMC4500_F100x1024 -I"D:\Bachelorarbeit\Dave\Basisstation\USBLIB_GENERICHID_XMC45\Libraries\XMCLib\inc" -I"D:\Bachelorarbeit\Dave\Basisstation\USBLIB_GENERICHID_XMC45/Libraries/CMSIS/Include" -I"D:\Bachelorarbeit\Dave\Basisstation\USBLIB_GENERICHID_XMC45/Libraries/CMSIS/Infineon/XMC4500_series/Include" -I"D:\Bachelorarbeit\Dave\Basisstation\USBLIB_GENERICHID_XMC45" -I"D:\Bachelorarbeit\Dave\Basisstation\USBLIB_GENERICHID_XMC45\Libraries" -O1 -ffunction-sections -fdata-sections -Wall -std=gnu99 -mfloat-abi=softfp -Wa,-adhlns="Libraries/XMCLib/src/xmc_math.o.lst" -pipe -c -fmessage-length=0 -fshort-wchar -MMD -MP -MF"Libraries/XMCLib/src/xmc_math.d" -MT"Libraries/XMCLib/src/xmc_math.d Libraries/XMCLib/src/xmc_math.o" -mcpu=cortex-m4 -mfpu=fpv4-sp-d16 -mthumb -g -gdwarf-2 -o "Libraries/XMCLib/src/xmc_math.o" "../Libraries/XMCLib/src/xmc_math.c"
'Finished building: ../Libraries/XMCLib/src/xmc_math.c'

'Building file: ../Libraries/XMCLib/src/xmc_pau.c'
'Invoking: ARM-GCC C Compiler'
"C:\DAVEv4-64Bit\DAVE-4.2.6\eclipse\ARM-GCC-49/bin/arm-none-eabi-gcc" -MMD -MT "Libraries/XMCLib/src/xmc_pau.o" -DXMC4500_F100x1024 -I"D:\Bachelorarbeit\Dave\Basisstation\USBLIB_GENERICHID_XMC45\Libraries\XMCLib\inc" -I"D:\Bachelorarbeit\Dave\Basisstation\USBLIB_GENERICHID_XMC45/Libraries/CMSIS/Include" -I"D:\Bachelorarbeit\Dave\Basisstation\USBLIB_GENERICHID_XMC45/Libraries/CMSIS/Infineon/XMC4500_series/Include" -I"D:\Bachelorarbeit\Dave\Basisstation\USBLIB_GENERICHID_XMC45" -I"D:\Bachelorarbeit\Dave\Basisstation\USBLIB_GENERICHID_XMC45\Libraries" -O1 -ffunction-sections -fdata-sections -Wall -std=gnu99 -mfloat-abi=softfp -Wa,-adhlns="Libraries/XMCLib/src/xmc_pau.o.lst" -pipe -c -fmessage-length=0 -fshort-wchar -MMD -MP -MF"Libraries/XMCLib/src/xmc_pau.d" -MT"Libraries/XMCLib/src/xmc_pau.d Libraries/XMCLib/src/xmc_pau.o" -mcpu=cortex-m4 -mfpu=fpv4-sp-d16 -mthumb -g -gdwarf-2 -o "Libraries/XMCLib/src/xmc_pau.o" "../Libraries/XMCLib/src/xmc_pau.c"
'Finished building: ../Libraries/XMCLib/src/xmc_pau.c'

'Building file: ../Libraries/XMCLib/src/xmc_posif.c'
'Invoking: ARM-GCC C Compiler'
"C:\DAVEv4-64Bit\DAVE-4.2.6\eclipse\ARM-GCC-49/bin/arm-none-eabi-gcc" -MMD -MT "Libraries/XMCLib/src/xmc_posif.o" -DXMC4500_F100x1024 -I"D:\Bachelorarbeit\Dave\Basisstation\USBLIB_GENERICHID_XMC45\Libraries\XMCLib\inc" -I"D:\Bachelorarbeit\Dave\Basisstation\USBLIB_GENERICHID_XMC45/Libraries/CMSIS/Include" -I"D:\Bachelorarbeit\Dave\Basisstation\USBLIB_GENERICHID_XMC45/Libraries/CMSIS/Infineon/XMC4500_series/Include" -I"D:\Bachelorarbeit\Dave\Basisstation\USBLIB_GENERICHID_XMC45" -I"D:\Bachelorarbeit\Dave\Basisstation\USBLIB_GENERICHID_XMC45\Libraries" -O1 -ffunction-sections -fdata-sections -Wall -std=gnu99 -mfloat-abi=softfp -Wa,-adhlns="Libraries/XMCLib/src/xmc_posif.o.lst" -pipe -c -fmessage-length=0 -fshort-wchar -MMD -MP -MF"Libraries/XMCLib/src/xmc_posif.d" -MT"Libraries/XMCLib/src/xmc_posif.d Libraries/XMCLib/src/xmc_posif.o" -mcpu=cortex-m4 -mfpu=fpv4-sp-d16 -mthumb -g -gdwarf-2 -o "Libraries/XMCLib/src/xmc_posif.o" "../Libraries/XMCLib/src/xmc_posif.c"
'Finished building: ../Libraries/XMCLib/src/xmc_posif.c'

'Building file: ../Libraries/XMCLib/src/xmc_prng.c'
'Invoking: ARM-GCC C Compiler'
"C:\DAVEv4-64Bit\DAVE-4.2.6\eclipse\ARM-GCC-49/bin/arm-none-eabi-gcc" -MMD -MT "Libraries/XMCLib/src/xmc_prng.o" -DXMC4500_F100x1024 -I"D:\Bachelorarbeit\Dave\Basisstation\USBLIB_GENERICHID_XMC45\Libraries\XMCLib\inc" -I"D:\Bachelorarbeit\Dave\Basisstation\USBLIB_GENERICHID_XMC45/Libraries/CMSIS/Include" -I"D:\Bachelorarbeit\Dave\Basisstation\USBLIB_GENERICHID_XMC45/Libraries/CMSIS/Infineon/XMC4500_series/Include" -I"D:\Bachelorarbeit\Dave\Basisstation\USBLIB_GENERICHID_XMC45" -I"D:\Bachelorarbeit\Dave\Basisstation\USBLIB_GENERICHID_XMC45\Libraries" -O1 -ffunction-sections -fdata-sections -Wall -std=gnu99 -mfloat-abi=softfp -Wa,-adhlns="Libraries/XMCLib/src/xmc_prng.o.lst" -pipe -c -fmessage-length=0 -fshort-wchar -MMD -MP -MF"Libraries/XMCLib/src/xmc_prng.d" -MT"Libraries/XMCLib/src/xmc_prng.d Libraries/XMCLib/src/xmc_prng.o" -mcpu=cortex-m4 -mfpu=fpv4-sp-d16 -mthumb -g -gdwarf-2 -o "Libraries/XMCLib/src/xmc_prng.o" "../Libraries/XMCLib/src/xmc_prng.c"
'Finished building: ../Libraries/XMCLib/src/xmc_prng.c'

'Building file: ../Libraries/XMCLib/src/xmc_rtc.c'
'Invoking: ARM-GCC C Compiler'
"C:\DAVEv4-64Bit\DAVE-4.2.6\eclipse\ARM-GCC-49/bin/arm-none-eabi-gcc" -MMD -MT "Libraries/XMCLib/src/xmc_rtc.o" -DXMC4500_F100x1024 -I"D:\Bachelorarbeit\Dave\Basisstation\USBLIB_GENERICHID_XMC45\Libraries\XMCLib\inc" -I"D:\Bachelorarbeit\Dave\Basisstation\USBLIB_GENERICHID_XMC45/Libraries/CMSIS/Include" -I"D:\Bachelorarbeit\Dave\Basisstation\USBLIB_GENERICHID_XMC45/Libraries/CMSIS/Infineon/XMC4500_series/Include" -I"D:\Bachelorarbeit\Dave\Basisstation\USBLIB_GENERICHID_XMC45" -I"D:\Bachelorarbeit\Dave\Basisstation\USBLIB_GENERICHID_XMC45\Libraries" -O1 -ffunction-sections -fdata-sections -Wall -std=gnu99 -mfloat-abi=softfp -Wa,-adhlns="Libraries/XMCLib/src/xmc_rtc.o.lst" -pipe -c -fmessage-length=0 -fshort-wchar -MMD -MP -MF"Libraries/XMCLib/src/xmc_rtc.d" -MT"Libraries/XMCLib/src/xmc_rtc.d Libraries/XMCLib/src/xmc_rtc.o" -mcpu=cortex-m4 -mfpu=fpv4-sp-d16 -mthumb -g -gdwarf-2 -o "Libraries/XMCLib/src/xmc_rtc.o" "../Libraries/XMCLib/src/xmc_rtc.c"
'Finished building: ../Libraries/XMCLib/src/xmc_rtc.c'

'Building file: ../Libraries/XMCLib/src/xmc_sdmmc.c'
'Invoking: ARM-GCC C Compiler'
"C:\DAVEv4-64Bit\DAVE-4.2.6\eclipse\ARM-GCC-49/bin/arm-none-eabi-gcc" -MMD -MT "Libraries/XMCLib/src/xmc_sdmmc.o" -DXMC4500_F100x1024 -I"D:\Bachelorarbeit\Dave\Basisstation\USBLIB_GENERICHID_XMC45\Libraries\XMCLib\inc" -I"D:\Bachelorarbeit\Dave\Basisstation\USBLIB_GENERICHID_XMC45/Libraries/CMSIS/Include" -I"D:\Bachelorarbeit\Dave\Basisstation\USBLIB_GENERICHID_XMC45/Libraries/CMSIS/Infineon/XMC4500_series/Include" -I"D:\Bachelorarbeit\Dave\Basisstation\USBLIB_GENERICHID_XMC45" -I"D:\Bachelorarbeit\Dave\Basisstation\USBLIB_GENERICHID_XMC45\Libraries" -O1 -ffunction-sections -fdata-sections -Wall -std=gnu99 -mfloat-abi=softfp -Wa,-adhlns="Libraries/XMCLib/src/xmc_sdmmc.o.lst" -pipe -c -fmessage-length=0 -fshort-wchar -MMD -MP -MF"Libraries/XMCLib/src/xmc_sdmmc.d" -MT"Libraries/XMCLib/src/xmc_sdmmc.d Libraries/XMCLib/src/xmc_sdmmc.o" -mcpu=cortex-m4 -mfpu=fpv4-sp-d16 -mthumb -g -gdwarf-2 -o "Libraries/XMCLib/src/xmc_sdmmc.o" "../Libraries/XMCLib/src/xmc_sdmmc.c"
'Finished building: ../Libraries/XMCLib/src/xmc_sdmmc.c'

'Building file: ../Libraries/XMCLib/src/xmc_spi.c'
'Invoking: ARM-GCC C Compiler'
"C:\DAVEv4-64Bit\DAVE-4.2.6\eclipse\ARM-GCC-49/bin/arm-none-eabi-gcc" -MMD -MT "Libraries/XMCLib/src/xmc_spi.o" -DXMC4500_F100x1024 -I"D:\Bachelorarbeit\Dave\Basisstation\USBLIB_GENERICHID_XMC45\Libraries\XMCLib\inc" -I"D:\Bachelorarbeit\Dave\Basisstation\USBLIB_GENERICHID_XMC45/Libraries/CMSIS/Include" -I"D:\Bachelorarbeit\Dave\Basisstation\USBLIB_GENERICHID_XMC45/Libraries/CMSIS/Infineon/XMC4500_series/Include" -I"D:\Bachelorarbeit\Dave\Basisstation\USBLIB_GENERICHID_XMC45" -I"D:\Bachelorarbeit\Dave\Basisstation\USBLIB_GENERICHID_XMC45\Libraries" -O1 -ffunction-sections -fdata-sections -Wall -std=gnu99 -mfloat-abi=softfp -Wa,-adhlns="Libraries/XMCLib/src/xmc_spi.o.lst" -pipe -c -fmessage-length=0 -fshort-wchar -MMD -MP -MF"Libraries/XMCLib/src/xmc_spi.d" -MT"Libraries/XMCLib/src/xmc_spi.d Libraries/XMCLib/src/xmc_spi.o" -mcpu=cortex-m4 -mfpu=fpv4-sp-d16 -mthumb -g -gdwarf-2 -o "Libraries/XMCLib/src/xmc_spi.o" "../Libraries/XMCLib/src/xmc_spi.c"
'Finished building: ../Libraries/XMCLib/src/xmc_spi.c'

'Building file: ../Libraries/XMCLib/src/xmc_uart.c'
'Invoking: ARM-GCC C Compiler'
"C:\DAVEv4-64Bit\DAVE-4.2.6\eclipse\ARM-GCC-49/bin/arm-none-eabi-gcc" -MMD -MT "Libraries/XMCLib/src/xmc_uart.o" -DXMC4500_F100x1024 -I"D:\Bachelorarbeit\Dave\Basisstation\USBLIB_GENERICHID_XMC45\Libraries\XMCLib\inc" -I"D:\Bachelorarbeit\Dave\Basisstation\USBLIB_GENERICHID_XMC45/Libraries/CMSIS/Include" -I"D:\Bachelorarbeit\Dave\Basisstation\USBLIB_GENERICHID_XMC45/Libraries/CMSIS/Infineon/XMC4500_series/Include" -I"D:\Bachelorarbeit\Dave\Basisstation\USBLIB_GENERICHID_XMC45" -I"D:\Bachelorarbeit\Dave\Basisstation\USBLIB_GENERICHID_XMC45\Libraries" -O1 -ffunction-sections -fdata-sections -Wall -std=gnu99 -mfloat-abi=softfp -Wa,-adhlns="Libraries/XMCLib/src/xmc_uart.o.lst" -pipe -c -fmessage-length=0 -fshort-wchar -MMD -MP -MF"Libraries/XMCLib/src/xmc_uart.d" -MT"Libraries/XMCLib/src/xmc_uart.d Libraries/XMCLib/src/xmc_uart.o" -mcpu=cortex-m4 -mfpu=fpv4-sp-d16 -mthumb -g -gdwarf-2 -o "Libraries/XMCLib/src/xmc_uart.o" "../Libraries/XMCLib/src/xmc_uart.c"
'Finished building: ../Libraries/XMCLib/src/xmc_uart.c'

'Building file: ../Libraries/XMCLib/src/xmc_wdt.c'
'Invoking: ARM-GCC C Compiler'
"C:\DAVEv4-64Bit\DAVE-4.2.6\eclipse\ARM-GCC-49/bin/arm-none-eabi-gcc" -MMD -MT "Libraries/XMCLib/src/xmc_wdt.o" -DXMC4500_F100x1024 -I"D:\Bachelorarbeit\Dave\Basisstation\USBLIB_GENERICHID_XMC45\Libraries\XMCLib\inc" -I"D:\Bachelorarbeit\Dave\Basisstation\USBLIB_GENERICHID_XMC45/Libraries/CMSIS/Include" -I"D:\Bachelorarbeit\Dave\Basisstation\USBLIB_GENERICHID_XMC45/Libraries/CMSIS/Infineon/XMC4500_series/Include" -I"D:\Bachelorarbeit\Dave\Basisstation\USBLIB_GENERICHID_XMC45" -I"D:\Bachelorarbeit\Dave\Basisstation\USBLIB_GENERICHID_XMC45\Libraries" -O1 -ffunction-sections -fdata-sections -Wall -std=gnu99 -mfloat-abi=softfp -Wa,-adhlns="Libraries/XMCLib/src/xmc_wdt.o.lst" -pipe -c -fmessage-length=0 -fshort-wchar -MMD -MP -MF"Libraries/XMCLib/src/xmc_wdt.d" -MT"Libraries/XMCLib/src/xmc_wdt.d Libraries/XMCLib/src/xmc_wdt.o" -mcpu=cortex-m4 -mfpu=fpv4-sp-d16 -mthumb -g -gdwarf-2 -o "Libraries/XMCLib/src/xmc_wdt.o" "../Libraries/XMCLib/src/xmc_wdt.c"
'Finished building: ../Libraries/XMCLib/src/xmc_wdt.c'

'Building file: ../Libraries/XMCLib/src/xmc_usic.c'
'Invoking: ARM-GCC C Compiler'
"C:\DAVEv4-64Bit\DAVE-4.2.6\eclipse\ARM-GCC-49/bin/arm-none-eabi-gcc" -MMD -MT "Libraries/XMCLib/src/xmc_usic.o" -DXMC4500_F100x1024 -I"D:\Bachelorarbeit\Dave\Basisstation\USBLIB_GENERICHID_XMC45\Libraries\XMCLib\inc" -I"D:\Bachelorarbeit\Dave\Basisstation\USBLIB_GENERICHID_XMC45/Libraries/CMSIS/Include" -I"D:\Bachelorarbeit\Dave\Basisstation\USBLIB_GENERICHID_XMC45/Libraries/CMSIS/Infineon/XMC4500_series/Include" -I"D:\Bachelorarbeit\Dave\Basisstation\USBLIB_GENERICHID_XMC45" -I"D:\Bachelorarbeit\Dave\Basisstation\USBLIB_GENERICHID_XMC45\Libraries" -O1 -ffunction-sections -fdata-sections -Wall -std=gnu99 -mfloat-abi=softfp -Wa,-adhlns="Libraries/XMCLib/src/xmc_usic.o.lst" -pipe -c -fmessage-length=0 -fshort-wchar -MMD -MP -MF"Libraries/XMCLib/src/xmc_usic.d" -MT"Libraries/XMCLib/src/xmc_usic.d Libraries/XMCLib/src/xmc_usic.o" -mcpu=cortex-m4 -mfpu=fpv4-sp-d16 -mthumb -g -gdwarf-2 -o "Libraries/XMCLib/src/xmc_usic.o" "../Libraries/XMCLib/src/xmc_usic.c"
'Finished building: ../Libraries/XMCLib/src/xmc_usic.c'

'Building file: ../Libraries/XMCLib/src/xmc_vadc.c'
'Invoking: ARM-GCC C Compiler'
"C:\DAVEv4-64Bit\DAVE-4.2.6\eclipse\ARM-GCC-49/bin/arm-none-eabi-gcc" -MMD -MT "Libraries/XMCLib/src/xmc_vadc.o" -DXMC4500_F100x1024 -I"D:\Bachelorarbeit\Dave\Basisstation\USBLIB_GENERICHID_XMC45\Libraries\XMCLib\inc" -I"D:\Bachelorarbeit\Dave\Basisstation\USBLIB_GENERICHID_XMC45/Libraries/CMSIS/Include" -I"D:\Bachelorarbeit\Dave\Basisstation\USBLIB_GENERICHID_XMC45/Libraries/CMSIS/Infineon/XMC4500_series/Include" -I"D:\Bachelorarbeit\Dave\Basisstation\USBLIB_GENERICHID_XMC45" -I"D:\Bachelorarbeit\Dave\Basisstation\USBLIB_GENERICHID_XMC45\Libraries" -O1 -ffunction-sections -fdata-sections -Wall -std=gnu99 -mfloat-abi=softfp -Wa,-adhlns="Libraries/XMCLib/src/xmc_vadc.o.lst" -pipe -c -fmessage-length=0 -fshort-wchar -MMD -MP -MF"Libraries/XMCLib/src/xmc_vadc.d" -MT"Libraries/XMCLib/src/xmc_vadc.d Libraries/XMCLib/src/xmc_vadc.o" -mcpu=cortex-m4 -mfpu=fpv4-sp-d16 -mthumb -g -gdwarf-2 -o "Libraries/XMCLib/src/xmc_vadc.o" "../Libraries/XMCLib/src/xmc_vadc.c"
'Finished building: ../Libraries/XMCLib/src/xmc_vadc.c'

'Building file: ../Libraries/USB/Core/XMC4000/EndpointStream_XMC4000.c'
'Invoking: ARM-GCC C Compiler'
"C:\DAVEv4-64Bit\DAVE-4.2.6\eclipse\ARM-GCC-49/bin/arm-none-eabi-gcc" -MMD -MT "Libraries/USB/Core/XMC4000/EndpointStream_XMC4000.o" -DXMC4500_F100x1024 -I"D:\Bachelorarbeit\Dave\Basisstation\USBLIB_GENERICHID_XMC45\Libraries\XMCLib\inc" -I"D:\Bachelorarbeit\Dave\Basisstation\USBLIB_GENERICHID_XMC45/Libraries/CMSIS/Include" -I"D:\Bachelorarbeit\Dave\Basisstation\USBLIB_GENERICHID_XMC45/Libraries/CMSIS/Infineon/XMC4500_series/Include" -I"D:\Bachelorarbeit\Dave\Basisstation\USBLIB_GENERICHID_XMC45" -I"D:\Bachelorarbeit\Dave\Basisstation\USBLIB_GENERICHID_XMC45\Libraries" -O1 -ffunction-sections -fdata-sections -Wall -std=gnu99 -mfloat-abi=softfp -Wa,-adhlns="Libraries/USB/Core/XMC4000/EndpointStream_XMC4000.o.lst" -pipe -c -fmessage-length=0 -fshort-wchar -MMD -MP -MF"Libraries/USB/Core/XMC4000/EndpointStream_XMC4000.d" -MT"Libraries/USB/Core/XMC4000/EndpointStream_XMC4000.d Libraries/USB/Core/XMC4000/EndpointStream_XMC4000.o" -mcpu=cortex-m4 -mfpu=fpv4-sp-d16 -mthumb -g -gdwarf-2 -o "Libraries/USB/Core/XMC4000/EndpointStream_XMC4000.o" "../Libraries/USB/Core/XMC4000/EndpointStream_XMC4000.c"
'Finished building: ../Libraries/USB/Core/XMC4000/EndpointStream_XMC4000.c'

'Building file: ../Libraries/XMCLib/src/xmc_usbd.c'
'Invoking: ARM-GCC C Compiler'
"C:\DAVEv4-64Bit\DAVE-4.2.6\eclipse\ARM-GCC-49/bin/arm-none-eabi-gcc" -MMD -MT "Libraries/XMCLib/src/xmc_usbd.o" -DXMC4500_F100x1024 -I"D:\Bachelorarbeit\Dave\Basisstation\USBLIB_GENERICHID_XMC45\Libraries\XMCLib\inc" -I"D:\Bachelorarbeit\Dave\Basisstation\USBLIB_GENERICHID_XMC45/Libraries/CMSIS/Include" -I"D:\Bachelorarbeit\Dave\Basisstation\USBLIB_GENERICHID_XMC45/Libraries/CMSIS/Infineon/XMC4500_series/Include" -I"D:\Bachelorarbeit\Dave\Basisstation\USBLIB_GENERICHID_XMC45" -I"D:\Bachelorarbeit\Dave\Basisstation\USBLIB_GENERICHID_XMC45\Libraries" -O1 -ffunction-sections -fdata-sections -Wall -std=gnu99 -mfloat-abi=softfp -Wa,-adhlns="Libraries/XMCLib/src/xmc_usbd.o.lst" -pipe -c -fmessage-length=0 -fshort-wchar -MMD -MP -MF"Libraries/XMCLib/src/xmc_usbd.d" -MT"Libraries/XMCLib/src/xmc_usbd.d Libraries/XMCLib/src/xmc_usbd.o" -mcpu=cortex-m4 -mfpu=fpv4-sp-d16 -mthumb -g -gdwarf-2 -o "Libraries/XMCLib/src/xmc_usbd.o" "../Libraries/XMCLib/src/xmc_usbd.c"
'Finished building: ../Libraries/XMCLib/src/xmc_usbd.c'

'Building file: ../Libraries/USB/Core/XMC4000/Endpoint_XMC4000.c'
'Invoking: ARM-GCC C Compiler'
"C:\DAVEv4-64Bit\DAVE-4.2.6\eclipse\ARM-GCC-49/bin/arm-none-eabi-gcc" -MMD -MT "Libraries/USB/Core/XMC4000/Endpoint_XMC4000.o" -DXMC4500_F100x1024 -I"D:\Bachelorarbeit\Dave\Basisstation\USBLIB_GENERICHID_XMC45\Libraries\XMCLib\inc" -I"D:\Bachelorarbeit\Dave\Basisstation\USBLIB_GENERICHID_XMC45/Libraries/CMSIS/Include" -I"D:\Bachelorarbeit\Dave\Basisstation\USBLIB_GENERICHID_XMC45/Libraries/CMSIS/Infineon/XMC4500_series/Include" -I"D:\Bachelorarbeit\Dave\Basisstation\USBLIB_GENERICHID_XMC45" -I"D:\Bachelorarbeit\Dave\Basisstation\USBLIB_GENERICHID_XMC45\Libraries" -O1 -ffunction-sections -fdata-sections -Wall -std=gnu99 -mfloat-abi=softfp -Wa,-adhlns="Libraries/USB/Core/XMC4000/Endpoint_XMC4000.o.lst" -pipe -c -fmessage-length=0 -fshort-wchar -MMD -MP -MF"Libraries/USB/Core/XMC4000/Endpoint_XMC4000.d" -MT"Libraries/USB/Core/XMC4000/Endpoint_XMC4000.d Libraries/USB/Core/XMC4000/Endpoint_XMC4000.o" -mcpu=cortex-m4 -mfpu=fpv4-sp-d16 -mthumb -g -gdwarf-2 -o "Libraries/USB/Core/XMC4000/Endpoint_XMC4000.o" "../Libraries/USB/Core/XMC4000/Endpoint_XMC4000.c"
'Finished building: ../Libraries/USB/Core/XMC4000/Endpoint_XMC4000.c'

'Building file: ../Libraries/USB/Core/ConfigDescriptors.c'
'Invoking: ARM-GCC C Compiler'
"C:\DAVEv4-64Bit\DAVE-4.2.6\eclipse\ARM-GCC-49/bin/arm-none-eabi-gcc" -MMD -MT "Libraries/USB/Core/ConfigDescriptors.o" -DXMC4500_F100x1024 -I"D:\Bachelorarbeit\Dave\Basisstation\USBLIB_GENERICHID_XMC45\Libraries\XMCLib\inc" -I"D:\Bachelorarbeit\Dave\Basisstation\USBLIB_GENERICHID_XMC45/Libraries/CMSIS/Include" -I"D:\Bachelorarbeit\Dave\Basisstation\USBLIB_GENERICHID_XMC45/Libraries/CMSIS/Infineon/XMC4500_series/Include" -I"D:\Bachelorarbeit\Dave\Basisstation\USBLIB_GENERICHID_XMC45" -I"D:\Bachelorarbeit\Dave\Basisstation\USBLIB_GENERICHID_XMC45\Libraries" -O1 -ffunction-sections -fdata-sections -Wall -std=gnu99 -mfloat-abi=softfp -Wa,-adhlns="Libraries/USB/Core/ConfigDescriptors.o.lst" -pipe -c -fmessage-length=0 -fshort-wchar -MMD -MP -MF"Libraries/USB/Core/ConfigDescriptors.d" -MT"Libraries/USB/Core/ConfigDescriptors.d Libraries/USB/Core/ConfigDescriptors.o" -mcpu=cortex-m4 -mfpu=fpv4-sp-d16 -mthumb -g -gdwarf-2 -o "Libraries/USB/Core/ConfigDescriptors.o" "../Libraries/USB/Core/ConfigDescriptors.c"
'Finished building: ../Libraries/USB/Core/ConfigDescriptors.c'

'Building file: ../Libraries/USB/Core/Events.c'
'Invoking: ARM-GCC C Compiler'
"C:\DAVEv4-64Bit\DAVE-4.2.6\eclipse\ARM-GCC-49/bin/arm-none-eabi-gcc" -MMD -MT "Libraries/USB/Core/Events.o" -DXMC4500_F100x1024 -I"D:\Bachelorarbeit\Dave\Basisstation\USBLIB_GENERICHID_XMC45\Libraries\XMCLib\inc" -I"D:\Bachelorarbeit\Dave\Basisstation\USBLIB_GENERICHID_XMC45/Libraries/CMSIS/Include" -I"D:\Bachelorarbeit\Dave\Basisstation\USBLIB_GENERICHID_XMC45/Libraries/CMSIS/Infineon/XMC4500_series/Include" -I"D:\Bachelorarbeit\Dave\Basisstation\USBLIB_GENERICHID_XMC45" -I"D:\Bachelorarbeit\Dave\Basisstation\USBLIB_GENERICHID_XMC45\Libraries" -O1 -ffunction-sections -fdata-sections -Wall -std=gnu99 -mfloat-abi=softfp -Wa,-adhlns="Libraries/USB/Core/Events.o.lst" -pipe -c -fmessage-length=0 -fshort-wchar -MMD -MP -MF"Libraries/USB/Core/Events.d" -MT"Libraries/USB/Core/Events.d Libraries/USB/Core/Events.o" -mcpu=cortex-m4 -mfpu=fpv4-sp-d16 -mthumb -g -gdwarf-2 -o "Libraries/USB/Core/Events.o" "../Libraries/USB/Core/Events.c"
'Finished building: ../Libraries/USB/Core/Events.c'

'Building file: ../Libraries/USB/Core/XMC4000/USBController_XMC4000.c'
'Invoking: ARM-GCC C Compiler'
"C:\DAVEv4-64Bit\DAVE-4.2.6\eclipse\ARM-GCC-49/bin/arm-none-eabi-gcc" -MMD -MT "Libraries/USB/Core/XMC4000/USBController_XMC4000.o" -DXMC4500_F100x1024 -I"D:\Bachelorarbeit\Dave\Basisstation\USBLIB_GENERICHID_XMC45\Libraries\XMCLib\inc" -I"D:\Bachelorarbeit\Dave\Basisstation\USBLIB_GENERICHID_XMC45/Libraries/CMSIS/Include" -I"D:\Bachelorarbeit\Dave\Basisstation\USBLIB_GENERICHID_XMC45/Libraries/CMSIS/Infineon/XMC4500_series/Include" -I"D:\Bachelorarbeit\Dave\Basisstation\USBLIB_GENERICHID_XMC45" -I"D:\Bachelorarbeit\Dave\Basisstation\USBLIB_GENERICHID_XMC45\Libraries" -O1 -ffunction-sections -fdata-sections -Wall -std=gnu99 -mfloat-abi=softfp -Wa,-adhlns="Libraries/USB/Core/XMC4000/USBController_XMC4000.o.lst" -pipe -c -fmessage-length=0 -fshort-wchar -MMD -MP -MF"Libraries/USB/Core/XMC4000/USBController_XMC4000.d" -MT"Libraries/USB/Core/XMC4000/USBController_XMC4000.d Libraries/USB/Core/XMC4000/USBController_XMC4000.o" -mcpu=cortex-m4 -mfpu=fpv4-sp-d16 -mthumb -g -gdwarf-2 -o "Libraries/USB/Core/XMC4000/USBController_XMC4000.o" "../Libraries/USB/Core/XMC4000/USBController_XMC4000.c"
'Finished building: ../Libraries/USB/Core/XMC4000/USBController_XMC4000.c'

'Building file: ../Libraries/USB/Common/memcpy.c'
'Invoking: ARM-GCC C Compiler'
"C:\DAVEv4-64Bit\DAVE-4.2.6\eclipse\ARM-GCC-49/bin/arm-none-eabi-gcc" -MMD -MT "Libraries/USB/Common/memcpy.o" -DXMC4500_F100x1024 -I"D:\Bachelorarbeit\Dave\Basisstation\USBLIB_GENERICHID_XMC45\Libraries\XMCLib\inc" -I"D:\Bachelorarbeit\Dave\Basisstation\USBLIB_GENERICHID_XMC45/Libraries/CMSIS/Include" -I"D:\Bachelorarbeit\Dave\Basisstation\USBLIB_GENERICHID_XMC45/Libraries/CMSIS/Infineon/XMC4500_series/Include" -I"D:\Bachelorarbeit\Dave\Basisstation\USBLIB_GENERICHID_XMC45" -I"D:\Bachelorarbeit\Dave\Basisstation\USBLIB_GENERICHID_XMC45\Libraries" -O1 -ffunction-sections -fdata-sections -Wall -std=gnu99 -mfloat-abi=softfp -Wa,-adhlns="Libraries/USB/Common/memcpy.o.lst" -pipe -c -fmessage-length=0 -fshort-wchar -MMD -MP -MF"Libraries/USB/Common/memcpy.d" -MT"Libraries/USB/Common/memcpy.d Libraries/USB/Common/memcpy.o" -mcpu=cortex-m4 -mfpu=fpv4-sp-d16 -mthumb -g -gdwarf-2 -o "Libraries/USB/Common/memcpy.o" "../Libraries/USB/Common/memcpy.c"
'Finished building: ../Libraries/USB/Common/memcpy.c'

'Building file: ../Libraries/USB/Core/HostStandardReq.c'
'Invoking: ARM-GCC C Compiler'
"C:\DAVEv4-64Bit\DAVE-4.2.6\eclipse\ARM-GCC-49/bin/arm-none-eabi-gcc" -MMD -MT "Libraries/USB/Core/HostStandardReq.o" -DXMC4500_F100x1024 -I"D:\Bachelorarbeit\Dave\Basisstation\USBLIB_GENERICHID_XMC45\Libraries\XMCLib\inc" -I"D:\Bachelorarbeit\Dave\Basisstation\USBLIB_GENERICHID_XMC45/Libraries/CMSIS/Include" -I"D:\Bachelorarbeit\Dave\Basisstation\USBLIB_GENERICHID_XMC45/Libraries/CMSIS/Infineon/XMC4500_series/Include" -I"D:\Bachelorarbeit\Dave\Basisstation\USBLIB_GENERICHID_XMC45" -I"D:\Bachelorarbeit\Dave\Basisstation\USBLIB_GENERICHID_XMC45\Libraries" -O1 -ffunction-sections -fdata-sections -Wall -std=gnu99 -mfloat-abi=softfp -Wa,-adhlns="Libraries/USB/Core/HostStandardReq.o.lst" -pipe -c -fmessage-length=0 -fshort-wchar -MMD -MP -MF"Libraries/USB/Core/HostStandardReq.d" -MT"Libraries/USB/Core/HostStandardReq.d Libraries/USB/Core/HostStandardReq.o" -mcpu=cortex-m4 -mfpu=fpv4-sp-d16 -mthumb -g -gdwarf-2 -o "Libraries/USB/Core/HostStandardReq.o" "../Libraries/USB/Core/HostStandardReq.c"
'Finished building: ../Libraries/USB/Core/HostStandardReq.c'

'Building file: ../Libraries/USB/Core/USBTask.c'
'Invoking: ARM-GCC C Compiler'
"C:\DAVEv4-64Bit\DAVE-4.2.6\eclipse\ARM-GCC-49/bin/arm-none-eabi-gcc" -MMD -MT "Libraries/USB/Core/USBTask.o" -DXMC4500_F100x1024 -I"D:\Bachelorarbeit\Dave\Basisstation\USBLIB_GENERICHID_XMC45\Libraries\XMCLib\inc" -I"D:\Bachelorarbeit\Dave\Basisstation\USBLIB_GENERICHID_XMC45/Libraries/CMSIS/Include" -I"D:\Bachelorarbeit\Dave\Basisstation\USBLIB_GENERICHID_XMC45/Libraries/CMSIS/Infineon/XMC4500_series/Include" -I"D:\Bachelorarbeit\Dave\Basisstation\USBLIB_GENERICHID_XMC45" -I"D:\Bachelorarbeit\Dave\Basisstation\USBLIB_GENERICHID_XMC45\Libraries" -O1 -ffunction-sections -fdata-sections -Wall -std=gnu99 -mfloat-abi=softfp -Wa,-adhlns="Libraries/USB/Core/USBTask.o.lst" -pipe -c -fmessage-length=0 -fshort-wchar -MMD -MP -MF"Libraries/USB/Core/USBTask.d" -MT"Libraries/USB/Core/USBTask.d Libraries/USB/Core/USBTask.o" -mcpu=cortex-m4 -mfpu=fpv4-sp-d16 -mthumb -g -gdwarf-2 -o "Libraries/USB/Core/USBTask.o" "../Libraries/USB/Core/USBTask.c"
'Finished building: ../Libraries/USB/Core/USBTask.c'

'Building file: ../Libraries/USB/Class/Device/CDCClassDevice.c'
'Invoking: ARM-GCC C Compiler'
"C:\DAVEv4-64Bit\DAVE-4.2.6\eclipse\ARM-GCC-49/bin/arm-none-eabi-gcc" -MMD -MT "Libraries/USB/Class/Device/CDCClassDevice.o" -DXMC4500_F100x1024 -I"D:\Bachelorarbeit\Dave\Basisstation\USBLIB_GENERICHID_XMC45\Libraries\XMCLib\inc" -I"D:\Bachelorarbeit\Dave\Basisstation\USBLIB_GENERICHID_XMC45/Libraries/CMSIS/Include" -I"D:\Bachelorarbeit\Dave\Basisstation\USBLIB_GENERICHID_XMC45/Libraries/CMSIS/Infineon/XMC4500_series/Include" -I"D:\Bachelorarbeit\Dave\Basisstation\USBLIB_GENERICHID_XMC45" -I"D:\Bachelorarbeit\Dave\Basisstation\USBLIB_GENERICHID_XMC45\Libraries" -O1 -ffunction-sections -fdata-sections -Wall -std=gnu99 -mfloat-abi=softfp -Wa,-adhlns="Libraries/USB/Class/Device/CDCClassDevice.o.lst" -pipe -c -fmessage-length=0 -fshort-wchar -MMD -MP -MF"Libraries/USB/Class/Device/CDCClassDevice.d" -MT"Libraries/USB/Class/Device/CDCClassDevice.d Libraries/USB/Class/Device/CDCClassDevice.o" -mcpu=cortex-m4 -mfpu=fpv4-sp-d16 -mthumb -g -gdwarf-2 -o "Libraries/USB/Class/Device/CDCClassDevice.o" "../Libraries/USB/Class/Device/CDCClassDevice.c"
'Finished building: ../Libraries/USB/Class/Device/CDCClassDevice.c'

'Building file: ../Libraries/USB/Class/Device/MassStorageClassDevice.c'
'Invoking: ARM-GCC C Compiler'
"C:\DAVEv4-64Bit\DAVE-4.2.6\eclipse\ARM-GCC-49/bin/arm-none-eabi-gcc" -MMD -MT "Libraries/USB/Class/Device/MassStorageClassDevice.o" -DXMC4500_F100x1024 -I"D:\Bachelorarbeit\Dave\Basisstation\USBLIB_GENERICHID_XMC45\Libraries\XMCLib\inc" -I"D:\Bachelorarbeit\Dave\Basisstation\USBLIB_GENERICHID_XMC45/Libraries/CMSIS/Include" -I"D:\Bachelorarbeit\Dave\Basisstation\USBLIB_GENERICHID_XMC45/Libraries/CMSIS/Infineon/XMC4500_series/Include" -I"D:\Bachelorarbeit\Dave\Basisstation\USBLIB_GENERICHID_XMC45" -I"D:\Bachelorarbeit\Dave\Basisstation\USBLIB_GENERICHID_XMC45\Libraries" -O1 -ffunction-sections -fdata-sections -Wall -std=gnu99 -mfloat-abi=softfp -Wa,-adhlns="Libraries/USB/Class/Device/MassStorageClassDevice.o.lst" -pipe -c -fmessage-length=0 -fshort-wchar -MMD -MP -MF"Libraries/USB/Class/Device/MassStorageClassDevice.d" -MT"Libraries/USB/Class/Device/MassStorageClassDevice.d Libraries/USB/Class/Device/MassStorageClassDevice.o" -mcpu=cortex-m4 -mfpu=fpv4-sp-d16 -mthumb -g -gdwarf-2 -o "Libraries/USB/Class/Device/MassStorageClassDevice.o" "../Libraries/USB/Class/Device/MassStorageClassDevice.c"
'Finished building: ../Libraries/USB/Class/Device/MassStorageClassDevice.c'

'Building file: ../Libraries/USB/Class/Device/HIDClassDevice.c'
'Invoking: ARM-GCC C Compiler'
"C:\DAVEv4-64Bit\DAVE-4.2.6\eclipse\ARM-GCC-49/bin/arm-none-eabi-gcc" -MMD -MT "Libraries/USB/Class/Device/HIDClassDevice.o" -DXMC4500_F100x1024 -I"D:\Bachelorarbeit\Dave\Basisstation\USBLIB_GENERICHID_XMC45\Libraries\XMCLib\inc" -I"D:\Bachelorarbeit\Dave\Basisstation\USBLIB_GENERICHID_XMC45/Libraries/CMSIS/Include" -I"D:\Bachelorarbeit\Dave\Basisstation\USBLIB_GENERICHID_XMC45/Libraries/CMSIS/Infineon/XMC4500_series/Include" -I"D:\Bachelorarbeit\Dave\Basisstation\USBLIB_GENERICHID_XMC45" -I"D:\Bachelorarbeit\Dave\Basisstation\USBLIB_GENERICHID_XMC45\Libraries" -O1 -ffunction-sections -fdata-sections -Wall -std=gnu99 -mfloat-abi=softfp -Wa,-adhlns="Libraries/USB/Class/Device/HIDClassDevice.o.lst" -pipe -c -fmessage-length=0 -fshort-wchar -MMD -MP -MF"Libraries/USB/Class/Device/HIDClassDevice.d" -MT"Libraries/USB/Class/Device/HIDClassDevice.d Libraries/USB/Class/Device/HIDClassDevice.o" -mcpu=cortex-m4 -mfpu=fpv4-sp-d16 -mthumb -g -gdwarf-2 -o "Libraries/USB/Class/Device/HIDClassDevice.o" "../Libraries/USB/Class/Device/HIDClassDevice.c"
'Finished building: ../Libraries/USB/Class/Device/HIDClassDevice.c'

'Building file: ../Libraries/Newlib/syscalls.c'
'Invoking: ARM-GCC C Compiler'
"C:\DAVEv4-64Bit\DAVE-4.2.6\eclipse\ARM-GCC-49/bin/arm-none-eabi-gcc" -MMD -MT "Libraries/Newlib/syscalls.o" -DXMC4500_F100x1024 -I"D:\Bachelorarbeit\Dave\Basisstation\USBLIB_GENERICHID_XMC45\Libraries\XMCLib\inc" -I"D:\Bachelorarbeit\Dave\Basisstation\USBLIB_GENERICHID_XMC45/Libraries/CMSIS/Include" -I"D:\Bachelorarbeit\Dave\Basisstation\USBLIB_GENERICHID_XMC45/Libraries/CMSIS/Infineon/XMC4500_series/Include" -I"D:\Bachelorarbeit\Dave\Basisstation\USBLIB_GENERICHID_XMC45" -I"D:\Bachelorarbeit\Dave\Basisstation\USBLIB_GENERICHID_XMC45\Libraries" -O1 -ffunction-sections -fdata-sections -Wall -std=gnu99 -mfloat-abi=softfp -Wa,-adhlns="Libraries/Newlib/syscalls.o.lst" -pipe -c -fmessage-length=0 -fshort-wchar -MMD -MP -MF"Libraries/Newlib/syscalls.d" -MT"Libraries/Newlib/syscalls.d Libraries/Newlib/syscalls.o" -mcpu=cortex-m4 -mfpu=fpv4-sp-d16 -mthumb -g -gdwarf-2 -o "Libraries/Newlib/syscalls.o" "../Libraries/Newlib/syscalls.c"
'Finished building: ../Libraries/Newlib/syscalls.c'

'Building file: ../Libraries/USB/Class/Common/HIDParser.c'
'Invoking: ARM-GCC C Compiler'
"C:\DAVEv4-64Bit\DAVE-4.2.6\eclipse\ARM-GCC-49/bin/arm-none-eabi-gcc" -MMD -MT "Libraries/USB/Class/Common/HIDParser.o" -DXMC4500_F100x1024 -I"D:\Bachelorarbeit\Dave\Basisstation\USBLIB_GENERICHID_XMC45\Libraries\XMCLib\inc" -I"D:\Bachelorarbeit\Dave\Basisstation\USBLIB_GENERICHID_XMC45/Libraries/CMSIS/Include" -I"D:\Bachelorarbeit\Dave\Basisstation\USBLIB_GENERICHID_XMC45/Libraries/CMSIS/Infineon/XMC4500_series/Include" -I"D:\Bachelorarbeit\Dave\Basisstation\USBLIB_GENERICHID_XMC45" -I"D:\Bachelorarbeit\Dave\Basisstation\USBLIB_GENERICHID_XMC45\Libraries" -O1 -ffunction-sections -fdata-sections -Wall -std=gnu99 -mfloat-abi=softfp -Wa,-adhlns="Libraries/USB/Class/Common/HIDParser.o.lst" -pipe -c -fmessage-length=0 -fshort-wchar -MMD -MP -MF"Libraries/USB/Class/Common/HIDParser.d" -MT"Libraries/USB/Class/Common/HIDParser.d Libraries/USB/Class/Common/HIDParser.o" -mcpu=cortex-m4 -mfpu=fpv4-sp-d16 -mthumb -g -gdwarf-2 -o "Libraries/USB/Class/Common/HIDParser.o" "../Libraries/USB/Class/Common/HIDParser.c"
'Finished building: ../Libraries/USB/Class/Common/HIDParser.c'

'Building file: ../Descriptors.c'
'Invoking: ARM-GCC C Compiler'
"C:\DAVEv4-64Bit\DAVE-4.2.6\eclipse\ARM-GCC-49/bin/arm-none-eabi-gcc" -MMD -MT "Descriptors.o" -DXMC4500_F100x1024 -I"D:\Bachelorarbeit\Dave\Basisstation\USBLIB_GENERICHID_XMC45\Libraries\XMCLib\inc" -I"D:\Bachelorarbeit\Dave\Basisstation\USBLIB_GENERICHID_XMC45/Libraries/CMSIS/Include" -I"D:\Bachelorarbeit\Dave\Basisstation\USBLIB_GENERICHID_XMC45/Libraries/CMSIS/Infineon/XMC4500_series/Include" -I"D:\Bachelorarbeit\Dave\Basisstation\USBLIB_GENERICHID_XMC45" -I"D:\Bachelorarbeit\Dave\Basisstation\USBLIB_GENERICHID_XMC45\Libraries" -O1 -ffunction-sections -fdata-sections -Wall -std=gnu99 -mfloat-abi=softfp -Wa,-adhlns="Descriptors.o.lst" -pipe -c -fmessage-length=0 -fshort-wchar -MMD -MP -MF"Descriptors.d" -MT"Descriptors.d Descriptors.o" -mcpu=cortex-m4 -mfpu=fpv4-sp-d16 -mthumb -g -gdwarf-2 -o "Descriptors.o" "../Descriptors.c"
'Finished building: ../Descriptors.c'

'Building file: ../main.c'
'Invoking: ARM-GCC C Compiler'
"C:\DAVEv4-64Bit\DAVE-4.2.6\eclipse\ARM-GCC-49/bin/arm-none-eabi-gcc" -MMD -MT "main.o" -DXMC4500_F100x1024 -I"D:\Bachelorarbeit\Dave\Basisstation\USBLIB_GENERICHID_XMC45\Libraries\XMCLib\inc" -I"D:\Bachelorarbeit\Dave\Basisstation\USBLIB_GENERICHID_XMC45/Libraries/CMSIS/Include" -I"D:\Bachelorarbeit\Dave\Basisstation\USBLIB_GENERICHID_XMC45/Libraries/CMSIS/Infineon/XMC4500_series/Include" -I"D:\Bachelorarbeit\Dave\Basisstation\USBLIB_GENERICHID_XMC45" -I"D:\Bachelorarbeit\Dave\Basisstation\USBLIB_GENERICHID_XMC45\Libraries" -O1 -ffunction-sections -fdata-sections -Wall -std=gnu99 -mfloat-abi=softfp -Wa,-adhlns="main.o.lst" -pipe -c -fmessage-length=0 -fshort-wchar -MMD -MP -MF"main.d" -MT"main.d main.o" -mcpu=cortex-m4 -mfpu=fpv4-sp-d16 -mthumb -g -gdwarf-2 -o "main.o" "../main.c"
'Finished building: ../main.c'

'Building file: ../GenericHID.c'
'Invoking: ARM-GCC C Compiler'
"C:\DAVEv4-64Bit\DAVE-4.2.6\eclipse\ARM-GCC-49/bin/arm-none-eabi-gcc" -MMD -MT "GenericHID.o" -DXMC4500_F100x1024 -I"D:\Bachelorarbeit\Dave\Basisstation\USBLIB_GENERICHID_XMC45\Libraries\XMCLib\inc" -I"D:\Bachelorarbeit\Dave\Basisstation\USBLIB_GENERICHID_XMC45/Libraries/CMSIS/Include" -I"D:\Bachelorarbeit\Dave\Basisstation\USBLIB_GENERICHID_XMC45/Libraries/CMSIS/Infineon/XMC4500_series/Include" -I"D:\Bachelorarbeit\Dave\Basisstation\USBLIB_GENERICHID_XMC45" -I"D:\Bachelorarbeit\Dave\Basisstation\USBLIB_GENERICHID_XMC45\Libraries" -O1 -ffunction-sections -fdata-sections -Wall -std=gnu99 -mfloat-abi=softfp -Wa,-adhlns="GenericHID.o.lst" -pipe -c -fmessage-length=0 -fshort-wchar -MMD -MP -MF"GenericHID.d" -MT"GenericHID.d GenericHID.o" -mcpu=cortex-m4 -mfpu=fpv4-sp-d16 -mthumb -g -gdwarf-2 -o "GenericHID.o" "../GenericHID.c"
'Finished building: ../GenericHID.c'

'Building target: USBLIB_GENERICHID_XMC45.elf'
'Invoking: ARM-GCC C Linker'
"C:\DAVEv4-64Bit\DAVE-4.2.6\eclipse\ARM-GCC-49/bin/arm-none-eabi-gcc" -T"../linker_script.ld" -nostartfiles -Xlinker --gc-sections -specs=nano.specs -specs=nosys.specs -Wl,-Map,USBLIB_GENERICHID_XMC45.map -Wl,--no-wchar-size-warning -mfloat-abi=softfp -mfpu=fpv4-sp-d16 -mcpu=cortex-m4 -mthumb -g -gdwarf-2 -o "USBLIB_GENERICHID_XMC45.elf" "@objects.rsp"  -lm
'Finished building target: USBLIB_GENERICHID_XMC45.elf'

'Invoking: ARM-GCC Create Flash Image'
"C:\DAVEv4-64Bit\DAVE-4.2.6\eclipse\ARM-GCC-49/bin/arm-none-eabi-objcopy" -O ihex "USBLIB_GENERICHID_XMC45.elf"  "USBLIB_GENERICHID_XMC45.hex"
'Finished building: USBLIB_GENERICHID_XMC45.hex'

'Invoking: ARM-GCC Print Size'
"C:\DAVEv4-64Bit\DAVE-4.2.6\eclipse\ARM-GCC-49/bin/arm-none-eabi-size"  --format=berkeley "USBLIB_GENERICHID_XMC45.elf"
   text	   data	    bss	    dec	    hex	filename
  11116	     40	   7100	  18256	   4750	USBLIB_GENERICHID_XMC45.elf
'Finished building: USBLIB_GENERICHID_XMC45.siz'

'Invoking: ARM-GCC Create Listing'
"C:\DAVEv4-64Bit\DAVE-4.2.6\eclipse\ARM-GCC-49/bin/arm-none-eabi-objdump" -h -S "USBLIB_GENERICHID_XMC45.elf" > "USBLIB_GENERICHID_XMC45.lst"
'Finished building: USBLIB_GENERICHID_XMC45.lst'

18:24:22 **** Incremental Build of configuration Debug for project USBLIB_GENERICHID_XMC45 ****
"\"C:\\DAVEv4-64Bit\\DAVE-4.2.6\\eclipse\\ARM-GCC-49\\bin\\make\"" --output-sync -j4 all 
'Invoking: ARM-GCC Print Size'
"C:\DAVEv4-64Bit\DAVE-4.2.6\eclipse\ARM-GCC-49/bin/arm-none-eabi-size"  --format=berkeley "USBLIB_GENERICHID_XMC45.elf"
   text	   data	    bss	    dec	    hex	filename
  11116	     40	   7100	  18256	   4750	USBLIB_GENERICHID_XMC45.elf
'Finished building: USBLIB_GENERICHID_XMC45.siz'

