\BOOKMARK [0][-]{chapter.1}{Einleitung}{}% 1
\BOOKMARK [1][-]{section.1.1}{Motivation}{chapter.1}% 2
\BOOKMARK [1][-]{section.1.2}{Zieldefinition}{chapter.1}% 3
\BOOKMARK [1][-]{section.1.3}{Projektmanagement}{chapter.1}% 4
\BOOKMARK [0][-]{chapter.2}{Platinenaufbau}{}% 5
\BOOKMARK [1][-]{section.2.1}{Vor\374berlegungen}{chapter.2}% 6
\BOOKMARK [1][-]{section.2.2}{Layoutprogramm Altium Designer}{chapter.2}% 7
\BOOKMARK [1][-]{section.2.3}{Verwendete Hardware}{chapter.2}% 8
\BOOKMARK [2][-]{subsection.2.3.1}{TDA5340}{section.2.3}% 9
\BOOKMARK [2][-]{subsection.2.3.2}{XMC4500}{section.2.3}% 10
\BOOKMARK [2][-]{subsection.2.3.3}{USB}{section.2.3}% 11
\BOOKMARK [2][-]{subsection.2.3.4}{Ethernet}{section.2.3}% 12
\BOOKMARK [2][-]{subsection.2.3.5}{Spannungsversorgung}{section.2.3}% 13
\BOOKMARK [1][-]{section.2.4}{Generierte Dokumente}{chapter.2}% 14
\BOOKMARK [1][-]{section.2.5}{Best\374ckung}{chapter.2}% 15
\BOOKMARK [0][-]{chapter.3}{Software}{}% 16
\BOOKMARK [1][-]{section.3.1}{DAVE Entwicklungsumgebung}{chapter.3}% 17
\BOOKMARK [1][-]{section.3.2}{Verwendete Peripherie des XMC4500}{chapter.3}% 18
\BOOKMARK [2][-]{subsection.3.2.1}{GPIO}{section.3.2}% 19
\BOOKMARK [2][-]{subsection.3.2.2}{USIC}{section.3.2}% 20
\BOOKMARK [2][-]{subsection.3.2.3}{ERU}{section.3.2}% 21
\BOOKMARK [2][-]{subsection.3.2.4}{USB}{section.3.2}% 22
\BOOKMARK [2][-]{subsection.3.2.5}{Ethernet}{section.3.2}% 23
\BOOKMARK [1][-]{section.3.3}{Verwendete Bibliotheken}{chapter.3}% 24
\BOOKMARK [2][-]{subsection.3.3.1}{XMC Library \(XMC Lib\)}{section.3.3}% 25
\BOOKMARK [2][-]{subsection.3.3.2}{SPI Library}{section.3.3}% 26
\BOOKMARK [2][-]{subsection.3.3.3}{TDA5340 Library}{section.3.3}% 27
\BOOKMARK [2][-]{subsection.3.3.4}{Virtueller COM Port}{section.3.3}% 28
\BOOKMARK [1][-]{section.3.4}{Programmablauf}{chapter.3}% 29
\BOOKMARK [2][-]{subsection.3.4.1}{Konfiguration der Funkmodule}{section.3.4}% 30
\BOOKMARK [2][-]{subsection.3.4.2}{Interruptbasierte Datenerfassung}{section.3.4}% 31
\BOOKMARK [2][-]{subsection.3.4.3}{Weiterleitung der erfassten Daten}{section.3.4}% 32
\BOOKMARK [0][-]{chapter.4}{Feldtest}{}% 33
\BOOKMARK [1][-]{section.4.1}{Aufbau}{chapter.4}% 34
\BOOKMARK [1][-]{section.4.2}{Durchf\374hrung}{chapter.4}% 35
\BOOKMARK [1][-]{section.4.3}{Ergebnisse und Auswertung}{chapter.4}% 36
\BOOKMARK [0][-]{chapter.5}{Zusammenfassung und Ausblick}{}% 37
\BOOKMARK [0][-]{chapter*.47}{Abbildungsverzeichnis}{}% 38
\BOOKMARK [0][-]{chapter*.48}{Tabellenverzeichnis}{}% 39
\BOOKMARK [0][-]{chapter*.49}{Quellcodeverzeichnis}{}% 40
\BOOKMARK [0][-]{chapter.6}{Anhang}{}% 41
\BOOKMARK [1][-]{section.6.1}{Schaltpl\344ne}{chapter.6}% 42
\BOOKMARK [1][-]{section.6.2}{Geh\344use}{chapter.6}% 43
\BOOKMARK [1][-]{section.6.3}{Seriennummern}{chapter.6}% 44
\BOOKMARK [1][-]{section.6.4}{Layout Aufsteckboard TDA5340}{chapter.6}% 45
\BOOKMARK [1][-]{section.6.5}{Quellcode}{chapter.6}% 46
\BOOKMARK [2][-]{subsection.6.5.1}{Main.c}{section.6.5}% 47
\BOOKMARK [2][-]{subsection.6.5.2}{ISRs.c}{section.6.5}% 48
\BOOKMARK [1][-]{section.6.6}{Feldtest}{chapter.6}% 49
\BOOKMARK [2][-]{subsection.6.6.1}{Feldtest 1}{section.6.6}% 50
\BOOKMARK [2][-]{subsection.6.6.2}{Feldtest 2}{section.6.6}% 51
